[21-May-2012 21:56:29] PHP Parse error:  syntax error, unexpected T_STRING, expecting T_VARIABLE in /Users/francois/Developpement/Projets/Stock/application/modules/main/controllers/IndexController.php on line 74
[21-May-2012 21:56:42] PHP Catchable fatal error:  Argument 1 passed to Zend_Auth::authenticate() must be an instance of Zend_Auth_Adapter_Interface, null given, called in /Users/francois/Developpement/Projets/Stock/application/modules/main/controllers/IndexController.php on line 62 and defined in /Users/francois/Developpement/Projets/Stock/library/Zend.orig/Auth.php on line 115
[22-May-2012 13:37:09] PHP Parse error:  syntax error, unexpected '{' in /Users/francois/Developpement/Projets/Stock/library/Projet/Controller/Action.php on line 15
[22-May-2012 13:56:10] PHP Fatal error:  Call to a member function FlashMessenger() on a non-object in /Users/francois/Developpement/Projets/Stock/application/layouts/scripts/layout.phtml on line 56
[22-May-2012 13:57:18] PHP Fatal error:  Call to a member function FlashMessenger() on a non-object in /Users/francois/Developpement/Projets/Stock/application/layouts/scripts/layout.phtml on line 56
[22-May-2012 13:57:19] PHP Fatal error:  Call to a member function FlashMessenger() on a non-object in /Users/francois/Developpement/Projets/Stock/application/layouts/scripts/layout.phtml on line 56
[22-May-2012 13:57:19] PHP Fatal error:  Call to a member function FlashMessenger() on a non-object in /Users/francois/Developpement/Projets/Stock/application/layouts/scripts/layout.phtml on line 56
[22-May-2012 13:57:20] PHP Fatal error:  Call to a member function FlashMessenger() on a non-object in /Users/francois/Developpement/Projets/Stock/application/layouts/scripts/layout.phtml on line 56
[22-May-2012 13:57:20] PHP Fatal error:  Call to a member function FlashMessenger() on a non-object in /Users/francois/Developpement/Projets/Stock/application/layouts/scripts/layout.phtml on line 56
[22-May-2012 13:57:21] PHP Fatal error:  Call to a member function FlashMessenger() on a non-object in /Users/francois/Developpement/Projets/Stock/application/layouts/scripts/layout.phtml on line 56
[22-May-2012 13:57:21] PHP Fatal error:  Call to a member function FlashMessenger() on a non-object in /Users/francois/Developpement/Projets/Stock/application/layouts/scripts/layout.phtml on line 56
[22-May-2012 13:57:21] PHP Fatal error:  Call to a member function FlashMessenger() on a non-object in /Users/francois/Developpement/Projets/Stock/application/layouts/scripts/layout.phtml on line 56
[22-May-2012 13:57:22] PHP Fatal error:  Call to a member function FlashMessenger() on a non-object in /Users/francois/Developpement/Projets/Stock/application/layouts/scripts/layout.phtml on line 56
[22-May-2012 13:57:22] PHP Fatal error:  Call to a member function FlashMessenger() on a non-object in /Users/francois/Developpement/Projets/Stock/application/layouts/scripts/layout.phtml on line 56
[22-May-2012 14:01:55] PHP Fatal error:  Call to a member function getMessages() on a non-object in /Users/francois/Developpement/Projets/Stock/application/layouts/scripts/layout.phtml on line 57
[22-May-2012 14:01:57] PHP Fatal error:  Call to a member function getMessages() on a non-object in /Users/francois/Developpement/Projets/Stock/application/layouts/scripts/layout.phtml on line 57
[22-May-2012 14:01:57] PHP Fatal error:  Call to a member function getMessages() on a non-object in /Users/francois/Developpement/Projets/Stock/application/layouts/scripts/layout.phtml on line 57
[22-May-2012 14:01:58] PHP Fatal error:  Call to a member function getMessages() on a non-object in /Users/francois/Developpement/Projets/Stock/application/layouts/scripts/layout.phtml on line 57
[22-May-2012 14:01:58] PHP Fatal error:  Call to a member function getMessages() on a non-object in /Users/francois/Developpement/Projets/Stock/application/layouts/scripts/layout.phtml on line 57
[22-May-2012 14:01:59] PHP Fatal error:  Call to a member function getMessages() on a non-object in /Users/francois/Developpement/Projets/Stock/application/layouts/scripts/layout.phtml on line 57
[22-May-2012 14:01:59] PHP Fatal error:  Call to a member function getMessages() on a non-object in /Users/francois/Developpement/Projets/Stock/application/layouts/scripts/layout.phtml on line 57
[22-May-2012 14:19:12] PHP Warning:  call_user_func_array() expects parameter 1 to be a valid callback, class 'Layout_Helper_ParseMessages' does not have a method 'parseMessages' in /Users/francois/Developpement/Projets/Stock/library/Zend.orig/View/Abstract.php on line 350
[22-May-2012 14:19:26] PHP Notice:  Undefined variable: sClass in /Users/francois/Developpement/Projets/Stock/application/layouts/helpers/ParseMessages.php on line 18
[22-May-2012 14:19:41] PHP Catchable fatal error:  Argument 1 passed to Layout_Helper_ParseMessages::parseMessages() must be an array, null given in /Users/francois/Developpement/Projets/Stock/application/layouts/helpers/ParseMessages.php on line 5
[22-May-2012 14:30:09] PHP Catchable fatal error:  Argument 1 passed to Zend_Form::setErrors() must be an array, string given, called in /Users/francois/Developpement/Projets/Stock/application/modules/main/controllers/IndexController.php on line 57 and defined in /Users/francois/Developpement/Projets/Stock/library/Zend.orig/Form.php on line 2450
[22-May-2012 16:32:47] PHP Fatal error:  Using $this when not in object context in /Users/francois/Developpement/Projets/Stock/application/services/Constantes.php on line 6
[22-May-2012 16:33:18] PHP Notice:  Use of undefined constant CSS_FORM_ERREUR - assumed 'CSS_FORM_ERREUR' in /Users/francois/Developpement/Projets/Stock/application/services/Constantes.php on line 12
[22-May-2012 16:33:29] PHP Warning:  Exception caught by form: Plugin by name 'FormErreurGlobale' was not found in the registry; used paths:
Projet_Form_Decorator_: Projet/Form/Decorator/
Zend_Form_Decorator_: Zend/Form/Decorator/
Stack Trace:
#0 /Users/francois/Developpement/Projets/Stock/library/Zend.orig/Form.php(2625): Zend_Loader_PluginLoader->load('FormErreurGloba...')
#1 /Users/francois/Developpement/Projets/Stock/library/Zend.orig/Form.php(3357): Zend_Form->_getDecorator('FormErreurGloba...', NULL)
#2 /Users/francois/Developpement/Projets/Stock/library/Zend.orig/Form.php(2778): Zend_Form->_loadDecorator(Array, 'FormErreurGloba...')
#3 /Users/francois/Developpement/Projets/Stock/library/Zend.orig/Form.php(2902): Zend_Form->getDecorators()
#4 /Users/francois/Developpement/Projets/Stock/library/Zend.orig/Form.php(2920): Zend_Form->render()
#5 /Users/francois/Developpement/Projets/Stock/application/modules/main/views/scripts/index/login.phtml(3): Zend_Form->__toString()
#6 /Users/francois/Developpement/Projets/Stock/library/Zend.orig/View.ph in /Users/francois/Developpement/Projets/Stock/library/Zend.orig/Form.php on line 2925
[22-May-2012 16:42:33] PHP Fatal error:  Class 'Symbol_P' not found in /Users/francois/Developpement/Projets/Stock/library/Projet/Form/Decorator/Paragraphe.php on line 22
[22-May-2012 16:45:36] PHP Notice:  Use of undefined constant CSS_LABEL_INLINE_PADDING_SMALL - assumed 'CSS_LABEL_INLINE_PADDING_SMALL' in /Users/francois/Developpement/Projets/Stock/library/Projet/Form/Decorator/Paragraphe.php on line 24
[22-May-2012 16:45:36] PHP Warning:  Exception caught by form: Method hasErrors does not exist
Stack Trace:
#0 /Users/francois/Developpement/Projets/Stock/library/Projet/Form/Decorator/FormErreurGlobale.php(18): Zend_Form->__call('hasErrors', Array)
#1 /Users/francois/Developpement/Projets/Stock/library/Projet/Form/Decorator/FormErreurGlobale.php(18): Form_Login->hasErrors()
#2 /Users/francois/Developpement/Projets/Stock/library/Zend.orig/Form.php(2904): Projet_Form_Decorator_FormErreurGlobale->render('<form id="FormL...')
#3 /Users/francois/Developpement/Projets/Stock/library/Zend.orig/Form.php(2920): Zend_Form->render()
#4 /Users/francois/Developpement/Projets/Stock/application/modules/main/views/scripts/index/login.phtml(3): Zend_Form->__toString()
#5 /Users/francois/Developpement/Projets/Stock/library/Zend.orig/View.php(108): include('/Users/francois...')
#6 /Users/francois/Developpement/Projets/Stock/library/Zend.orig/View/Abstract.php(888): Zend_View->_run('/Users/francois...')
#7 /Users/francois/Developpement/Projets/Stock/library/Zend.or in /Users/francois/Developpement/Projets/Stock/library/Zend.orig/Form.php on line 2925
[22-May-2012 16:46:13] PHP Notice:  Undefined variable: sClasses in /Users/francois/Developpement/Projets/Stock/library/Projet/Form/Decorator/Paragraphe.php on line 24
[22-May-2012 16:46:13] PHP Warning:  Exception caught by form: Method hasErrors does not exist
Stack Trace:
#0 /Users/francois/Developpement/Projets/Stock/library/Projet/Form/Decorator/FormErreurGlobale.php(18): Zend_Form->__call('hasErrors', Array)
#1 /Users/francois/Developpement/Projets/Stock/library/Projet/Form/Decorator/FormErreurGlobale.php(18): Form_Login->hasErrors()
#2 /Users/francois/Developpement/Projets/Stock/library/Zend.orig/Form.php(2904): Projet_Form_Decorator_FormErreurGlobale->render('<form id="FormL...')
#3 /Users/francois/Developpement/Projets/Stock/library/Zend.orig/Form.php(2920): Zend_Form->render()
#4 /Users/francois/Developpement/Projets/Stock/application/modules/main/views/scripts/index/login.phtml(3): Zend_Form->__toString()
#5 /Users/francois/Developpement/Projets/Stock/library/Zend.orig/View.php(108): include('/Users/francois...')
#6 /Users/francois/Developpement/Projets/Stock/library/Zend.orig/View/Abstract.php(888): Zend_View->_run('/Users/francois...')
#7 /Users/francois/Developpement/Projets/Stock/library/Zend.or in /Users/francois/Developpement/Projets/Stock/library/Zend.orig/Form.php on line 2925
[22-May-2012 16:46:28] PHP Warning:  Exception caught by form: Method hasErrors does not exist
Stack Trace:
#0 /Users/francois/Developpement/Projets/Stock/library/Projet/Form/Decorator/FormErreurGlobale.php(18): Zend_Form->__call('hasErrors', Array)
#1 /Users/francois/Developpement/Projets/Stock/library/Projet/Form/Decorator/FormErreurGlobale.php(18): Form_Login->hasErrors()
#2 /Users/francois/Developpement/Projets/Stock/library/Zend.orig/Form.php(2904): Projet_Form_Decorator_FormErreurGlobale->render('<form id="FormL...')
#3 /Users/francois/Developpement/Projets/Stock/library/Zend.orig/Form.php(2920): Zend_Form->render()
#4 /Users/francois/Developpement/Projets/Stock/application/modules/main/views/scripts/index/login.phtml(3): Zend_Form->__toString()
#5 /Users/francois/Developpement/Projets/Stock/library/Zend.orig/View.php(108): include('/Users/francois...')
#6 /Users/francois/Developpement/Projets/Stock/library/Zend.orig/View/Abstract.php(888): Zend_View->_run('/Users/francois...')
#7 /Users/francois/Developpement/Projets/Stock/library/Zend.or in /Users/francois/Developpement/Projets/Stock/library/Zend.orig/Form.php on line 2925
[22-May-2012 17:25:04] PHP Notice:  Undefined variable: oChamps in /Users/francois/Developpement/Projets/Stock/library/Projet/Form/Decorator/Paragraphe.php on line 32
[22-May-2012 17:25:04] PHP Fatal error:  Call to a member function append() on a non-object in /Users/francois/Developpement/Projets/Stock/library/Projet/Form/Decorator/Paragraphe.php on line 32
[22-May-2012 17:26:32] PHP Fatal error:  Call to undefined function render() in /Users/francois/Developpement/Projets/Stock/library/Projet/Form/Decorator/Paragraphe.php on line 30
[23-May-2012 19:04:14] PHP Warning:  include_once(Projet/Controller/Router/Route.php): failed to open stream: No such file or directory in /Users/francois/Developpement/Projets/Stock/library/Zend.orig/Loader.php on line 146
[23-May-2012 19:04:14] PHP Warning:  include_once(): Failed opening 'Projet/Controller/Router/Route.php' for inclusion (include_path='/Users/francois/Developpement/Projets/Stock//application:/Users/francois/Developpement/Projets/Stock//application/models:/Users/francois/Developpement/Projets/Stock//application/Service:/Users/francois/Developpement/Projets/Stock//application/modules:/Users/francois/Developpement/Projets/Stock//application/modules/main:/Users/francois/Developpement/Projets/Stock//application/modules/ajax:/Users/francois/Developpement/Projets/Stock//library/:/Users/francois/Developpement/Projets/Stock//library/Projet/:/Users/francois/Developpement/Projets/Stock/library:.:./library') in /Users/francois/Developpement/Projets/Stock/library/Zend.orig/Loader.php on line 146
[23-May-2012 19:04:14] PHP Warning:  include_once(Projet/Controller/Router/Route.php): failed to open stream: No such file or directory in /Users/francois/Developpement/Projets/Stock/library/Zend.orig/Loader.php on line 146
[23-May-2012 19:04:14] PHP Warning:  include_once(): Failed opening 'Projet/Controller/Router/Route.php' for inclusion (include_path='/Users/francois/Developpement/Projets/Stock//application:/Users/francois/Developpement/Projets/Stock//application/models:/Users/francois/Developpement/Projets/Stock//application/Service:/Users/francois/Developpement/Projets/Stock//application/modules:/Users/francois/Developpement/Projets/Stock//application/modules/main:/Users/francois/Developpement/Projets/Stock//application/modules/ajax:/Users/francois/Developpement/Projets/Stock//library/:/Users/francois/Developpement/Projets/Stock//library/Projet/:/Users/francois/Developpement/Projets/Stock/library:.:./library') in /Users/francois/Developpement/Projets/Stock/library/Zend.orig/Loader.php on line 146
[23-May-2012 19:05:39] PHP Warning:  include_once(Projet/Controller/Router/Route/Chain.php): failed to open stream: No such file or directory in /Users/francois/Developpement/Projets/Stock/library/Zend.orig/Loader.php on line 146
[23-May-2012 19:05:39] PHP Warning:  include_once(): Failed opening 'Projet/Controller/Router/Route/Chain.php' for inclusion (include_path='/Users/francois/Developpement/Projets/Stock//application:/Users/francois/Developpement/Projets/Stock//application/models:/Users/francois/Developpement/Projets/Stock//application/Service:/Users/francois/Developpement/Projets/Stock//application/modules:/Users/francois/Developpement/Projets/Stock//application/modules/main:/Users/francois/Developpement/Projets/Stock//application/modules/ajax:/Users/francois/Developpement/Projets/Stock//library/:/Users/francois/Developpement/Projets/Stock//library/Projet/:/Users/francois/Developpement/Projets/Stock/library:.:./library') in /Users/francois/Developpement/Projets/Stock/library/Zend.orig/Loader.php on line 146
[23-May-2012 19:05:39] PHP Fatal error:  Class 'Projet_Controller_Router_Route_Chain' not found in /Users/francois/Developpement/Projets/Stock/library/Projet/Controller/Router/Route.php on line 46
[23-May-2012 19:10:44] PHP Fatal error:  Zend_Controller_Router_Exception: Route main-accueil is not defined in /Users/francois/Developpement/Projets/Stock/library/Zend.orig/View/Helper/Navigation/HelperAbstract.php on line 522
[23-May-2012 19:14:28] PHP Fatal error:  Zend_Controller_Router_Exception: Route main- is not defined in /Users/francois/Developpement/Projets/Stock/library/Zend.orig/View/Helper/Navigation/HelperAbstract.php on line 522
[23-May-2012 19:17:18] PHP Fatal error:  Zend_Controller_Router_Exception: Route stock-acceuil is not defined in /Users/francois/Developpement/Projets/Stock/library/Zend.orig/View/Helper/Navigation/HelperAbstract.php on line 522
[23-May-2012 19:17:27] PHP Fatal error:  Zend_Controller_Router_Exception: language is not specified in /Users/francois/Developpement/Projets/Stock/library/Zend.orig/View/Helper/Navigation/HelperAbstract.php on line 522
[23-May-2012 19:17:36] PHP Fatal error:  Zend_Controller_Router_Exception: language is not specified in /Users/francois/Developpement/Projets/Stock/library/Zend.orig/View/Helper/Navigation/HelperAbstract.php on line 522
[23-May-2012 19:35:54] PHP Fatal error:  Zend_Controller_Router_Exception: language is not specified in /Users/francois/Developpement/Projets/Stock/library/Zend.orig/View/Helper/Navigation/HelperAbstract.php on line 522
[24-May-2012 12:09:40] PHP Fatal error:  Cannot use object of type stdClass as array in /Users/francois/Developpement/Projets/Stock/application/layouts/helpers/LoginZone.php on line 9
[24-May-2012 12:10:58] PHP Fatal error:  Call to a member function toArray() on a non-object in /Users/francois/Developpement/Projets/Stock/application/layouts/scripts/layout.phtml on line 56
[24-May-2012 12:14:38] PHP Catchable fatal error:  Object of class stdClass could not be converted to string in /Users/francois/Developpement/Projets/Stock/application/layouts/helpers/LoginZone.php on line 9
[24-May-2012 12:20:05] PHP Fatal error:  Cannot use object of type stdClass as array in /Users/francois/Developpement/Projets/Stock/application/layouts/helpers/LoginZone.php on line 10
[24-May-2012 16:31:19] PHP Fatal error:  Call to undefined function isArray() in /Users/francois/Developpement/Projets/Stock/library/Projet/View/Helper/DispArray.php on line 21
[24-May-2012 16:37:21] PHP Catchable fatal error:  Argument 1 passed to Projet_View_Helper_DispArray::addElements() must be an instance of Projet_Xml, null given, called in /Users/francois/Developpement/Projets/Stock/library/Projet/View/Helper/DispArray.php on line 10 and defined in /Users/francois/Developpement/Projets/Stock/library/Projet/View/Helper/DispArray.php on line 20
[24-May-2012 16:38:10] PHP Warning:  Invalid argument supplied for foreach() in /Users/francois/Developpement/Projets/Stock/library/Projet/Xml.php on line 51
[24-May-2012 16:38:10] PHP Warning:  Invalid argument supplied for foreach() in /Users/francois/Developpement/Projets/Stock/library/Projet/Xml.php on line 51
[24-May-2012 16:38:10] PHP Warning:  Invalid argument supplied for foreach() in /Users/francois/Developpement/Projets/Stock/library/Projet/Xml.php on line 51
[24-May-2012 16:38:10] PHP Warning:  Invalid argument supplied for foreach() in /Users/francois/Developpement/Projets/Stock/library/Projet/Xml.php on line 51
[24-May-2012 16:38:10] PHP Warning:  Invalid argument supplied for foreach() in /Users/francois/Developpement/Projets/Stock/library/Projet/Xml.php on line 51
[24-May-2012 16:38:10] PHP Warning:  Invalid argument supplied for foreach() in /Users/francois/Developpement/Projets/Stock/library/Projet/Xml.php on line 51
[24-May-2012 16:38:10] PHP Warning:  Invalid argument supplied for foreach() in /Users/francois/Developpement/Projets/Stock/library/Projet/Xml.php on line 51
[24-May-2012 16:38:10] PHP Warning:  Invalid argument supplied for foreach() in /Users/francois/Developpement/Projets/Stock/library/Projet/Xml.php on line 51
[24-May-2012 16:38:10] PHP Warning:  Invalid argument supplied for foreach() in /Users/francois/Developpement/Projets/Stock/library/Projet/Xml.php on line 51
[24-May-2012 16:38:10] PHP Warning:  Invalid argument supplied for foreach() in /Users/francois/Developpement/Projets/Stock/library/Projet/Xml.php on line 51
[24-May-2012 16:38:10] PHP Warning:  Invalid argument supplied for foreach() in /Users/francois/Developpement/Projets/Stock/library/Projet/Xml.php on line 51
[24-May-2012 16:38:10] PHP Warning:  Invalid argument supplied for foreach() in /Users/francois/Developpement/Projets/Stock/library/Projet/Xml.php on line 51
[24-May-2012 16:38:10] PHP Warning:  Invalid argument supplied for foreach() in /Users/francois/Developpement/Projets/Stock/library/Projet/Xml.php on line 51
[24-May-2012 16:38:10] PHP Warning:  Invalid argument supplied for foreach() in /Users/francois/Developpement/Projets/Stock/library/Projet/Xml.php on line 51
[24-May-2012 16:40:26] PHP Warning:  Invalid argument supplied for foreach() in /Users/francois/Developpement/Projets/Stock/library/Projet/Xml.php on line 51
[24-May-2012 16:40:26] PHP Warning:  Invalid argument supplied for foreach() in /Users/francois/Developpement/Projets/Stock/library/Projet/Xml.php on line 51
[24-May-2012 16:40:26] PHP Warning:  Invalid argument supplied for foreach() in /Users/francois/Developpement/Projets/Stock/library/Projet/Xml.php on line 51
[24-May-2012 16:40:26] PHP Warning:  Invalid argument supplied for foreach() in /Users/francois/Developpement/Projets/Stock/library/Projet/Xml.php on line 51
[24-May-2012 16:40:26] PHP Warning:  Invalid argument supplied for foreach() in /Users/francois/Developpement/Projets/Stock/library/Projet/Xml.php on line 51
[24-May-2012 16:40:26] PHP Warning:  Invalid argument supplied for foreach() in /Users/francois/Developpement/Projets/Stock/library/Projet/Xml.php on line 51
[24-May-2012 16:40:26] PHP Warning:  Invalid argument supplied for foreach() in /Users/francois/Developpement/Projets/Stock/library/Projet/Xml.php on line 51
[24-May-2012 16:40:26] PHP Warning:  Invalid argument supplied for foreach() in /Users/francois/Developpement/Projets/Stock/library/Projet/Xml.php on line 51
[24-May-2012 16:40:26] PHP Warning:  Invalid argument supplied for foreach() in /Users/francois/Developpement/Projets/Stock/library/Projet/Xml.php on line 51
[24-May-2012 16:40:26] PHP Warning:  Invalid argument supplied for foreach() in /Users/francois/Developpement/Projets/Stock/library/Projet/Xml.php on line 51
[24-May-2012 16:40:26] PHP Warning:  Invalid argument supplied for foreach() in /Users/francois/Developpement/Projets/Stock/library/Projet/Xml.php on line 51
[24-May-2012 16:40:26] PHP Warning:  Invalid argument supplied for foreach() in /Users/francois/Developpement/Projets/Stock/library/Projet/Xml.php on line 51
[24-May-2012 16:40:26] PHP Warning:  Invalid argument supplied for foreach() in /Users/francois/Developpement/Projets/Stock/library/Projet/Xml.php on line 51
[24-May-2012 16:40:26] PHP Warning:  Invalid argument supplied for foreach() in /Users/francois/Developpement/Projets/Stock/library/Projet/Xml.php on line 51
[24-May-2012 16:40:27] PHP Warning:  Invalid argument supplied for foreach() in /Users/francois/Developpement/Projets/Stock/library/Projet/Xml.php on line 51
[24-May-2012 16:40:27] PHP Warning:  Invalid argument supplied for foreach() in /Users/francois/Developpement/Projets/Stock/library/Projet/Xml.php on line 51
[24-May-2012 16:40:27] PHP Warning:  Invalid argument supplied for foreach() in /Users/francois/Developpement/Projets/Stock/library/Projet/Xml.php on line 51
[24-May-2012 16:40:27] PHP Warning:  Invalid argument supplied for foreach() in /Users/francois/Developpement/Projets/Stock/library/Projet/Xml.php on line 51
[24-May-2012 16:40:27] PHP Warning:  Invalid argument supplied for foreach() in /Users/francois/Developpement/Projets/Stock/library/Projet/Xml.php on line 51
[24-May-2012 16:40:27] PHP Warning:  Invalid argument supplied for foreach() in /Users/francois/Developpement/Projets/Stock/library/Projet/Xml.php on line 51
[24-May-2012 16:40:27] PHP Warning:  Invalid argument supplied for foreach() in /Users/francois/Developpement/Projets/Stock/library/Projet/Xml.php on line 51
[24-May-2012 16:40:27] PHP Warning:  Invalid argument supplied for foreach() in /Users/francois/Developpement/Projets/Stock/library/Projet/Xml.php on line 51
[24-May-2012 16:40:27] PHP Warning:  Invalid argument supplied for foreach() in /Users/francois/Developpement/Projets/Stock/library/Projet/Xml.php on line 51
[24-May-2012 16:40:27] PHP Warning:  Invalid argument supplied for foreach() in /Users/francois/Developpement/Projets/Stock/library/Projet/Xml.php on line 51
[24-May-2012 16:40:27] PHP Warning:  Invalid argument supplied for foreach() in /Users/francois/Developpement/Projets/Stock/library/Projet/Xml.php on line 51
[24-May-2012 16:40:27] PHP Warning:  Invalid argument supplied for foreach() in /Users/francois/Developpement/Projets/Stock/library/Projet/Xml.php on line 51
[24-May-2012 16:40:27] PHP Warning:  Invalid argument supplied for foreach() in /Users/francois/Developpement/Projets/Stock/library/Projet/Xml.php on line 51
[24-May-2012 16:40:27] PHP Warning:  Invalid argument supplied for foreach() in /Users/francois/Developpement/Projets/Stock/library/Projet/Xml.php on line 51
[24-May-2012 16:40:28] PHP Warning:  Invalid argument supplied for foreach() in /Users/francois/Developpement/Projets/Stock/library/Projet/Xml.php on line 51
[24-May-2012 16:40:28] PHP Warning:  Invalid argument supplied for foreach() in /Users/francois/Developpement/Projets/Stock/library/Projet/Xml.php on line 51
[24-May-2012 16:40:28] PHP Warning:  Invalid argument supplied for foreach() in /Users/francois/Developpement/Projets/Stock/library/Projet/Xml.php on line 51
[24-May-2012 16:40:28] PHP Warning:  Invalid argument supplied for foreach() in /Users/francois/Developpement/Projets/Stock/library/Projet/Xml.php on line 51
[24-May-2012 16:40:28] PHP Warning:  Invalid argument supplied for foreach() in /Users/francois/Developpement/Projets/Stock/library/Projet/Xml.php on line 51
[24-May-2012 16:40:28] PHP Warning:  Invalid argument supplied for foreach() in /Users/francois/Developpement/Projets/Stock/library/Projet/Xml.php on line 51
[24-May-2012 16:40:28] PHP Warning:  Invalid argument supplied for foreach() in /Users/francois/Developpement/Projets/Stock/library/Projet/Xml.php on line 51
[24-May-2012 16:40:28] PHP Warning:  Invalid argument supplied for foreach() in /Users/francois/Developpement/Projets/Stock/library/Projet/Xml.php on line 51
[24-May-2012 16:40:28] PHP Warning:  Invalid argument supplied for foreach() in /Users/francois/Developpement/Projets/Stock/library/Projet/Xml.php on line 51
[24-May-2012 16:40:28] PHP Warning:  Invalid argument supplied for foreach() in /Users/francois/Developpement/Projets/Stock/library/Projet/Xml.php on line 51
[24-May-2012 16:40:28] PHP Warning:  Invalid argument supplied for foreach() in /Users/francois/Developpement/Projets/Stock/library/Projet/Xml.php on line 51
[24-May-2012 16:40:28] PHP Warning:  Invalid argument supplied for foreach() in /Users/francois/Developpement/Projets/Stock/library/Projet/Xml.php on line 51
[24-May-2012 16:40:28] PHP Warning:  Invalid argument supplied for foreach() in /Users/francois/Developpement/Projets/Stock/library/Projet/Xml.php on line 51
[24-May-2012 16:40:28] PHP Warning:  Invalid argument supplied for foreach() in /Users/francois/Developpement/Projets/Stock/library/Projet/Xml.php on line 51
[24-May-2012 16:43:52] PHP Catchable fatal error:  Argument 1 passed to Projet_Xml::setAttrs() must be an array, string given, called in /Users/francois/Developpement/Projets/Stock/library/Projet/Xml.php on line 16 and defined in /Users/francois/Developpement/Projets/Stock/library/Projet/Xml.php on line 79
[24-May-2012 16:45:23] PHP Parse error:  syntax error, unexpected T_VARIABLE, expecting '(' in /Users/francois/Developpement/Projets/Stock/library/Projet/Xml.php on line 16
[24-May-2012 16:51:50] PHP Parse error:  syntax error, unexpected T_VARIABLE, expecting T_STRING in /Users/francois/Developpement/Projets/Stock/library/Projet/View/Helper/DispArray.php on line 5
[24-May-2012 16:56:10] PHP Parse error:  syntax error, unexpected ';', expecting ')' in /Users/francois/Developpement/Projets/Stock/library/Projet/View/Helper/DispArray.php on line 10
[24-May-2012 16:56:19] PHP Notice:  Undefined variable: thi in /Users/francois/Developpement/Projets/Stock/library/Projet/View/Helper/DispArray.php on line 18
[24-May-2012 16:56:19] PHP Notice:  Trying to get property of non-object in /Users/francois/Developpement/Projets/Stock/library/Projet/View/Helper/DispArray.php on line 18
[24-May-2012 16:56:19] PHP Notice:  Undefined variable: thi in /Users/francois/Developpement/Projets/Stock/library/Projet/View/Helper/DispArray.php on line 18
[24-May-2012 16:56:19] PHP Notice:  Trying to get property of non-object in /Users/francois/Developpement/Projets/Stock/library/Projet/View/Helper/DispArray.php on line 18
[24-May-2012 16:56:19] PHP Notice:  Undefined variable: thi in /Users/francois/Developpement/Projets/Stock/library/Projet/View/Helper/DispArray.php on line 18
[24-May-2012 16:56:19] PHP Notice:  Trying to get property of non-object in /Users/francois/Developpement/Projets/Stock/library/Projet/View/Helper/DispArray.php on line 18
[24-May-2012 16:56:27] PHP Notice:  Undefined index: ID in /Users/francois/Developpement/Projets/Stock/library/Projet/View/Helper/DispArray.php on line 18
[24-May-2012 16:56:27] PHP Notice:  Undefined index: MOE in /Users/francois/Developpement/Projets/Stock/library/Projet/View/Helper/DispArray.php on line 18
[24-May-2012 16:56:27] PHP Notice:  Undefined index: PER in /Users/francois/Developpement/Projets/Stock/library/Projet/View/Helper/DispArray.php on line 18
[25-May-2012 19:28:40] PHP Warning:  include_once(Projet/Mapper.php): failed to open stream: No such file or directory in /Users/francois/Developpement/Projets/Stock/library/Zend.orig/Loader.php on line 146
[25-May-2012 19:28:40] PHP Warning:  include_once(): Failed opening 'Projet/Mapper.php' for inclusion (include_path='/Users/francois/Developpement/Projets/Stock/application:/Users/francois/Developpement/Projets/Stock/application/models:/Users/francois/Developpement/Projets/Stock/application/Service:/Users/francois/Developpement/Projets/Stock/application/modules:/Users/francois/Developpement/Projets/Stock/application/modules/main:/Users/francois/Developpement/Projets/Stock/application/modules/stock:/Users/francois/Developpement/Projets/Stock/library:/Users/francois/Developpement/Projets/Stock/library/Projet:/Users/francois/Developpement/Projets/Stock/library:.:./library') in /Users/francois/Developpement/Projets/Stock/library/Zend.orig/Loader.php on line 146
[25-May-2012 19:28:40] PHP Fatal error:  Class 'Projet_Mapper' not found in /Users/francois/Developpement/Projets/Stock/application/models/mappers/Categories.php on line 3
[25-May-2012 19:31:38] PHP Warning:  include_once(Projet/DataHelper.php): failed to open stream: No such file or directory in /Users/francois/Developpement/Projets/Stock/library/Zend.orig/Loader.php on line 146
[25-May-2012 19:31:38] PHP Warning:  include_once(): Failed opening 'Projet/DataHelper.php' for inclusion (include_path='/Users/francois/Developpement/Projets/Stock/application:/Users/francois/Developpement/Projets/Stock/application/models:/Users/francois/Developpement/Projets/Stock/application/Service:/Users/francois/Developpement/Projets/Stock/application/modules:/Users/francois/Developpement/Projets/Stock/application/modules/main:/Users/francois/Developpement/Projets/Stock/application/modules/stock:/Users/francois/Developpement/Projets/Stock/library:/Users/francois/Developpement/Projets/Stock/library/Projet:/Users/francois/Developpement/Projets/Stock/library:.:./library') in /Users/francois/Developpement/Projets/Stock/library/Zend.orig/Loader.php on line 146
[25-May-2012 19:31:38] PHP Fatal error:  Class 'Projet_DataHelper' not found in /Users/francois/Developpement/Projets/Stock/library/Projet/Db/Table.php on line 687
[25-May-2012 19:36:22] PHP Warning:  include_once(Projet/DataHelper.php): failed to open stream: No such file or directory in /Users/francois/Developpement/Projets/Stock/library/Zend.orig/Loader.php on line 146
[25-May-2012 19:36:22] PHP Warning:  include_once(): Failed opening 'Projet/DataHelper.php' for inclusion (include_path='/Users/francois/Developpement/Projets/Stock/application:/Users/francois/Developpement/Projets/Stock/application/models:/Users/francois/Developpement/Projets/Stock/application/Service:/Users/francois/Developpement/Projets/Stock/application/modules:/Users/francois/Developpement/Projets/Stock/application/modules/main:/Users/francois/Developpement/Projets/Stock/application/modules/stock:/Users/francois/Developpement/Projets/Stock/library:/Users/francois/Developpement/Projets/Stock/library/Projet:/Users/francois/Developpement/Projets/Stock/library:.:./library') in /Users/francois/Developpement/Projets/Stock/library/Zend.orig/Loader.php on line 146
[25-May-2012 19:36:22] PHP Fatal error:  Class 'Projet_DataHelper' not found in /Users/francois/Developpement/Projets/Stock/library/Projet/Db/Table.php on line 284
[25-May-2012 19:38:15] PHP Warning:  include_once(Projet/Exception.php): failed to open stream: No such file or directory in /Users/francois/Developpement/Projets/Stock/library/Zend.orig/Loader.php on line 146
[25-May-2012 19:38:15] PHP Warning:  include_once(): Failed opening 'Projet/Exception.php' for inclusion (include_path='/Users/francois/Developpement/Projets/Stock/application:/Users/francois/Developpement/Projets/Stock/application/models:/Users/francois/Developpement/Projets/Stock/application/Service:/Users/francois/Developpement/Projets/Stock/application/modules:/Users/francois/Developpement/Projets/Stock/application/modules/main:/Users/francois/Developpement/Projets/Stock/application/modules/stock:/Users/francois/Developpement/Projets/Stock/library:/Users/francois/Developpement/Projets/Stock/library/Projet:/Users/francois/Developpement/Projets/Stock/library:.:./library') in /Users/francois/Developpement/Projets/Stock/library/Zend.orig/Loader.php on line 146
[25-May-2012 19:38:15] PHP Fatal error:  Class 'Projet_Exception' not found in /Users/francois/Developpement/Projets/Stock/library/Projet/Db/Table.php on line 194
[26-May-2012 12:33:59] PHP Notice:  Undefined variable: oItem in /Users/francois/Developpement/Projets/Stock/application/modules/stock/Form/AjoutCategorie.php on line 19
[26-May-2012 12:33:59] PHP Notice:  Undefined variable: oQuantite in /Users/francois/Developpement/Projets/Stock/application/modules/stock/Form/AjoutCategorie.php on line 19
[26-May-2012 12:34:26] PHP Notice:  Undefined variable: oItem in /Users/francois/Developpement/Projets/Stock/application/modules/stock/Form/AjoutCategorie.php on line 19
[26-May-2012 12:34:26] PHP Notice:  Undefined variable: oQuantite in /Users/francois/Developpement/Projets/Stock/application/modules/stock/Form/AjoutCategorie.php on line 19
[27-May-2012 21:57:10] PHP Fatal error:  Cannot redeclare Projet_Form::__construct() in /Users/francois/Developpement/Projets/Stock/library/Projet/Form.php on line 116
[27-May-2012 21:57:31] PHP Fatal error:  Cannot redeclare Projet_Form::setDefaultDecorators() in /Users/francois/Developpement/Projets/Stock/library/Projet/Form.php on line 114
[27-May-2012 21:57:55] PHP Fatal error:  Class name must be a valid object or a string in /Users/francois/Developpement/Projets/Stock/library/Projet/Form.php on line 110
[27-May-2012 21:59:35] PHP Warning:  Missing argument 2 for Projet_Form::setSrvMethodes(), called in /Users/francois/Developpement/Projets/Stock/application/modules/stock/Form/AjoutCategorie.php on line 8 and defined in /Users/francois/Developpement/Projets/Stock/library/Projet/Form.php on line 134
[27-May-2012 21:59:35] PHP Notice:  Undefined variable: sSvcSaveMethode in /Users/francois/Developpement/Projets/Stock/library/Projet/Form.php on line 137
[27-May-2012 21:59:35] PHP Fatal error:  Class 'Categories' not found in /Users/francois/Developpement/Projets/Stock/library/Projet/Form.php on line 110
[27-May-2012 21:59:52] PHP Fatal error:  Class 'Categories' not found in /Users/francois/Developpement/Projets/Stock/library/Projet/Form.php on line 110
[27-May-2012 22:00:17] PHP Fatal error:  Class 'Application_Services_Categories' not found in /Users/francois/Developpement/Projets/Stock/library/Projet/Form.php on line 110
[27-May-2012 22:00:24] PHP Warning:  include_once(Projet/DataHelper.php): failed to open stream: No such file or directory in /Users/francois/Developpement/Projets/Stock/library/Zend.orig/Loader.php on line 146
[27-May-2012 22:00:24] PHP Warning:  include_once(): Failed opening 'Projet/DataHelper.php' for inclusion (include_path='/Users/francois/Developpement/Projets/Stock/application:/Users/francois/Developpement/Projets/Stock/application/models:/Users/francois/Developpement/Projets/Stock/application/Service:/Users/francois/Developpement/Projets/Stock/application/modules:/Users/francois/Developpement/Projets/Stock/application/modules/main:/Users/francois/Developpement/Projets/Stock/application/modules/stock:/Users/francois/Developpement/Projets/Stock/library:/Users/francois/Developpement/Projets/Stock/library/Projet:/Users/francois/Developpement/Projets/Stock/library:.:./library') in /Users/francois/Developpement/Projets/Stock/library/Zend.orig/Loader.php on line 146
[27-May-2012 22:00:24] PHP Fatal error:  Class 'Projet_DataHelper' not found in /Users/francois/Developpement/Projets/Stock/library/Projet/Controller/Action.php on line 196
[27-May-2012 22:14:20] PHP Catchable fatal error:  Argument 1 passed to Projet_Mapper::save() must be an instance of Projet_Entite, instance of Application_Model_Categorie given, called in /Users/francois/Developpement/Projets/Stock/application/services/Categories.php on line 9 and defined in /Users/francois/Developpement/Projets/Stock/library/Projet/Mapper.php on line 145
[27-May-2012 22:15:24] PHP Warning:  include_once(Projet/DataHelper.php): failed to open stream: No such file or directory in /Users/francois/Developpement/Projets/Stock/library/Zend.orig/Loader.php on line 146
[27-May-2012 22:15:24] PHP Warning:  include_once(): Failed opening 'Projet/DataHelper.php' for inclusion (include_path='/Users/francois/Developpement/Projets/Stock/application:/Users/francois/Developpement/Projets/Stock/application/models:/Users/francois/Developpement/Projets/Stock/application/Service:/Users/francois/Developpement/Projets/Stock/application/modules:/Users/francois/Developpement/Projets/Stock/application/modules/main:/Users/francois/Developpement/Projets/Stock/application/modules/stock:/Users/francois/Developpement/Projets/Stock/library:/Users/francois/Developpement/Projets/Stock/library/Projet:/Users/francois/Developpement/Projets/Stock/library:.:./library') in /Users/francois/Developpement/Projets/Stock/library/Zend.orig/Loader.php on line 146
[27-May-2012 22:15:24] PHP Fatal error:  Class 'Projet_DataHelper' not found in /Users/francois/Developpement/Projets/Stock/library/Projet/Mapper.php on line 102
[27-May-2012 22:17:56] PHP Notice:  Undefined index: Description in /Users/francois/Developpement/Projets/Stock/application/services/Categories.php on line 7
[29-May-2012 20:36:07] PHP Warning:  include_once(Projet/Acl/Acl.php): failed to open stream: No such file or directory in /Users/francois/Developpement/Projets/Stock/library/Zend.orig/Loader.php on line 146
[29-May-2012 20:36:07] PHP Warning:  include_once(): Failed opening 'Projet/Acl/Acl.php' for inclusion (include_path='/Users/francois/Developpement/Projets/Stock/application:/Users/francois/Developpement/Projets/Stock/application/models:/Users/francois/Developpement/Projets/Stock/application/Service:/Users/francois/Developpement/Projets/Stock/application/modules:/Users/francois/Developpement/Projets/Stock/application/modules/main:/Users/francois/Developpement/Projets/Stock/application/modules/stock:/Users/francois/Developpement/Projets/Stock/library:/Users/francois/Developpement/Projets/Stock/library/Projet:/Users/francois/Developpement/Projets/Stock/library:.:./library') in /Users/francois/Developpement/Projets/Stock/library/Zend.orig/Loader.php on line 146
[29-May-2012 20:36:07] PHP Fatal error:  Class 'Projet_Acl_Acl' not found in /Users/francois/Developpement/Projets/Stock/library/Projet/Controller/Action.php on line 162
[29-May-2012 20:36:47] PHP Warning:  include_once(Projet/DataHelper.php): failed to open stream: No such file or directory in /Users/francois/Developpement/Projets/Stock/library/Zend.orig/Loader.php on line 146
[29-May-2012 20:36:47] PHP Warning:  include_once(): Failed opening 'Projet/DataHelper.php' for inclusion (include_path='/Users/francois/Developpement/Projets/Stock/application:/Users/francois/Developpement/Projets/Stock/application/models:/Users/francois/Developpement/Projets/Stock/application/Service:/Users/francois/Developpement/Projets/Stock/application/modules:/Users/francois/Developpement/Projets/Stock/application/modules/main:/Users/francois/Developpement/Projets/Stock/application/modules/stock:/Users/francois/Developpement/Projets/Stock/library:/Users/francois/Developpement/Projets/Stock/library/Projet:/Users/francois/Developpement/Projets/Stock/library:.:./library') in /Users/francois/Developpement/Projets/Stock/library/Zend.orig/Loader.php on line 146
[29-May-2012 20:36:47] PHP Fatal error:  Class 'Projet_DataHelper' not found in /Users/francois/Developpement/Projets/Stock/library/Projet/Controller/Action.php on line 162
[29-May-2012 20:38:59] PHP Warning:  include_once(Projet/DataHelper.php): failed to open stream: No such file or directory in /Users/francois/Developpement/Projets/Stock/library/Zend.orig/Loader.php on line 146
[29-May-2012 20:38:59] PHP Warning:  include_once(): Failed opening 'Projet/DataHelper.php' for inclusion (include_path='/Users/francois/Developpement/Projets/Stock/application:/Users/francois/Developpement/Projets/Stock/application/models:/Users/francois/Developpement/Projets/Stock/application/Service:/Users/francois/Developpement/Projets/Stock/application/modules:/Users/francois/Developpement/Projets/Stock/application/modules/main:/Users/francois/Developpement/Projets/Stock/application/modules/stock:/Users/francois/Developpement/Projets/Stock/library:/Users/francois/Developpement/Projets/Stock/library/Projet:/Users/francois/Developpement/Projets/Stock/library:.:./library') in /Users/francois/Developpement/Projets/Stock/library/Zend.orig/Loader.php on line 146
[29-May-2012 20:38:59] PHP Fatal error:  Class 'Projet_DataHelper' not found in /Users/francois/Developpement/Projets/Stock/library/Projet/View/Helper/Datatable.php on line 52
[29-May-2012 20:39:00] PHP Warning:  include_once(Projet/DataHelper.php): failed to open stream: No such file or directory in /Users/francois/Developpement/Projets/Stock/library/Zend.orig/Loader.php on line 146
[29-May-2012 20:39:00] PHP Warning:  include_once(): Failed opening 'Projet/DataHelper.php' for inclusion (include_path='/Users/francois/Developpement/Projets/Stock/application:/Users/francois/Developpement/Projets/Stock/application/models:/Users/francois/Developpement/Projets/Stock/application/Service:/Users/francois/Developpement/Projets/Stock/application/modules:/Users/francois/Developpement/Projets/Stock/application/modules/main:/Users/francois/Developpement/Projets/Stock/application/modules/stock:/Users/francois/Developpement/Projets/Stock/library:/Users/francois/Developpement/Projets/Stock/library/Projet:/Users/francois/Developpement/Projets/Stock/library:.:./library') in /Users/francois/Developpement/Projets/Stock/library/Zend.orig/Loader.php on line 146
[29-May-2012 20:39:00] PHP Fatal error:  Class 'Projet_DataHelper' not found in /Users/francois/Developpement/Projets/Stock/library/Projet/View/Helper/Datatable.php on line 52
[29-May-2012 20:39:01] PHP Warning:  include_once(Projet/DataHelper.php): failed to open stream: No such file or directory in /Users/francois/Developpement/Projets/Stock/library/Zend.orig/Loader.php on line 146
[29-May-2012 20:39:01] PHP Warning:  include_once(): Failed opening 'Projet/DataHelper.php' for inclusion (include_path='/Users/francois/Developpement/Projets/Stock/application:/Users/francois/Developpement/Projets/Stock/application/models:/Users/francois/Developpement/Projets/Stock/application/Service:/Users/francois/Developpement/Projets/Stock/application/modules:/Users/francois/Developpement/Projets/Stock/application/modules/main:/Users/francois/Developpement/Projets/Stock/application/modules/stock:/Users/francois/Developpement/Projets/Stock/library:/Users/francois/Developpement/Projets/Stock/library/Projet:/Users/francois/Developpement/Projets/Stock/library:.:./library') in /Users/francois/Developpement/Projets/Stock/library/Zend.orig/Loader.php on line 146
[29-May-2012 20:39:01] PHP Fatal error:  Class 'Projet_DataHelper' not found in /Users/francois/Developpement/Projets/Stock/library/Projet/View/Helper/Datatable.php on line 52
[29-May-2012 20:39:01] PHP Warning:  include_once(Projet/DataHelper.php): failed to open stream: No such file or directory in /Users/francois/Developpement/Projets/Stock/library/Zend.orig/Loader.php on line 146
[29-May-2012 20:39:01] PHP Warning:  include_once(): Failed opening 'Projet/DataHelper.php' for inclusion (include_path='/Users/francois/Developpement/Projets/Stock/application:/Users/francois/Developpement/Projets/Stock/application/models:/Users/francois/Developpement/Projets/Stock/application/Service:/Users/francois/Developpement/Projets/Stock/application/modules:/Users/francois/Developpement/Projets/Stock/application/modules/main:/Users/francois/Developpement/Projets/Stock/application/modules/stock:/Users/francois/Developpement/Projets/Stock/library:/Users/francois/Developpement/Projets/Stock/library/Projet:/Users/francois/Developpement/Projets/Stock/library:.:./library') in /Users/francois/Developpement/Projets/Stock/library/Zend.orig/Loader.php on line 146
[29-May-2012 20:39:01] PHP Fatal error:  Class 'Projet_DataHelper' not found in /Users/francois/Developpement/Projets/Stock/library/Projet/View/Helper/Datatable.php on line 52
[29-May-2012 20:39:01] PHP Warning:  include_once(Projet/DataHelper.php): failed to open stream: No such file or directory in /Users/francois/Developpement/Projets/Stock/library/Zend.orig/Loader.php on line 146
[29-May-2012 20:39:01] PHP Warning:  include_once(): Failed opening 'Projet/DataHelper.php' for inclusion (include_path='/Users/francois/Developpement/Projets/Stock/application:/Users/francois/Developpement/Projets/Stock/application/models:/Users/francois/Developpement/Projets/Stock/application/Service:/Users/francois/Developpement/Projets/Stock/application/modules:/Users/francois/Developpement/Projets/Stock/application/modules/main:/Users/francois/Developpement/Projets/Stock/application/modules/stock:/Users/francois/Developpement/Projets/Stock/library:/Users/francois/Developpement/Projets/Stock/library/Projet:/Users/francois/Developpement/Projets/Stock/library:.:./library') in /Users/francois/Developpement/Projets/Stock/library/Zend.orig/Loader.php on line 146
[29-May-2012 20:39:01] PHP Fatal error:  Class 'Projet_DataHelper' not found in /Users/francois/Developpement/Projets/Stock/library/Projet/View/Helper/Datatable.php on line 52
[29-May-2012 20:39:02] PHP Warning:  include_once(Projet/DataHelper.php): failed to open stream: No such file or directory in /Users/francois/Developpement/Projets/Stock/library/Zend.orig/Loader.php on line 146
[29-May-2012 20:39:02] PHP Warning:  include_once(): Failed opening 'Projet/DataHelper.php' for inclusion (include_path='/Users/francois/Developpement/Projets/Stock/application:/Users/francois/Developpement/Projets/Stock/application/models:/Users/francois/Developpement/Projets/Stock/application/Service:/Users/francois/Developpement/Projets/Stock/application/modules:/Users/francois/Developpement/Projets/Stock/application/modules/main:/Users/francois/Developpement/Projets/Stock/application/modules/stock:/Users/francois/Developpement/Projets/Stock/library:/Users/francois/Developpement/Projets/Stock/library/Projet:/Users/francois/Developpement/Projets/Stock/library:.:./library') in /Users/francois/Developpement/Projets/Stock/library/Zend.orig/Loader.php on line 146
[29-May-2012 20:39:02] PHP Fatal error:  Class 'Projet_DataHelper' not found in /Users/francois/Developpement/Projets/Stock/library/Projet/View/Helper/Datatable.php on line 52
[29-May-2012 20:39:02] PHP Warning:  include_once(Projet/DataHelper.php): failed to open stream: No such file or directory in /Users/francois/Developpement/Projets/Stock/library/Zend.orig/Loader.php on line 146
[29-May-2012 20:39:02] PHP Warning:  include_once(): Failed opening 'Projet/DataHelper.php' for inclusion (include_path='/Users/francois/Developpement/Projets/Stock/application:/Users/francois/Developpement/Projets/Stock/application/models:/Users/francois/Developpement/Projets/Stock/application/Service:/Users/francois/Developpement/Projets/Stock/application/modules:/Users/francois/Developpement/Projets/Stock/application/modules/main:/Users/francois/Developpement/Projets/Stock/application/modules/stock:/Users/francois/Developpement/Projets/Stock/library:/Users/francois/Developpement/Projets/Stock/library/Projet:/Users/francois/Developpement/Projets/Stock/library:.:./library') in /Users/francois/Developpement/Projets/Stock/library/Zend.orig/Loader.php on line 146
[29-May-2012 20:39:02] PHP Fatal error:  Class 'Projet_DataHelper' not found in /Users/francois/Developpement/Projets/Stock/library/Projet/View/Helper/Datatable.php on line 52
[29-May-2012 20:39:02] PHP Warning:  include_once(Projet/DataHelper.php): failed to open stream: No such file or directory in /Users/francois/Developpement/Projets/Stock/library/Zend.orig/Loader.php on line 146
[29-May-2012 20:39:02] PHP Warning:  include_once(): Failed opening 'Projet/DataHelper.php' for inclusion (include_path='/Users/francois/Developpement/Projets/Stock/application:/Users/francois/Developpement/Projets/Stock/application/models:/Users/francois/Developpement/Projets/Stock/application/Service:/Users/francois/Developpement/Projets/Stock/application/modules:/Users/francois/Developpement/Projets/Stock/application/modules/main:/Users/francois/Developpement/Projets/Stock/application/modules/stock:/Users/francois/Developpement/Projets/Stock/library:/Users/francois/Developpement/Projets/Stock/library/Projet:/Users/francois/Developpement/Projets/Stock/library:.:./library') in /Users/francois/Developpement/Projets/Stock/library/Zend.orig/Loader.php on line 146
[29-May-2012 20:39:03] PHP Fatal error:  Class 'Projet_DataHelper' not found in /Users/francois/Developpement/Projets/Stock/library/Projet/View/Helper/Datatable.php on line 52
[29-May-2012 20:39:03] PHP Warning:  include_once(Projet/DataHelper.php): failed to open stream: No such file or directory in /Users/francois/Developpement/Projets/Stock/library/Zend.orig/Loader.php on line 146
[29-May-2012 20:39:03] PHP Warning:  include_once(): Failed opening 'Projet/DataHelper.php' for inclusion (include_path='/Users/francois/Developpement/Projets/Stock/application:/Users/francois/Developpement/Projets/Stock/application/models:/Users/francois/Developpement/Projets/Stock/application/Service:/Users/francois/Developpement/Projets/Stock/application/modules:/Users/francois/Developpement/Projets/Stock/application/modules/main:/Users/francois/Developpement/Projets/Stock/application/modules/stock:/Users/francois/Developpement/Projets/Stock/library:/Users/francois/Developpement/Projets/Stock/library/Projet:/Users/francois/Developpement/Projets/Stock/library:.:./library') in /Users/francois/Developpement/Projets/Stock/library/Zend.orig/Loader.php on line 146
[29-May-2012 20:39:03] PHP Fatal error:  Class 'Projet_DataHelper' not found in /Users/francois/Developpement/Projets/Stock/library/Projet/View/Helper/Datatable.php on line 52
[29-May-2012 20:50:15] PHP Warning:  include_once(Projet/Controller/Action/Ajax.php): failed to open stream: No such file or directory in /Users/francois/Developpement/Projets/Stock/library/Zend.orig/Loader.php on line 146
[29-May-2012 20:50:15] PHP Warning:  include_once(): Failed opening 'Projet/Controller/Action/Ajax.php' for inclusion (include_path='/Users/francois/Developpement/Projets/Stock/application:/Users/francois/Developpement/Projets/Stock/application/models:/Users/francois/Developpement/Projets/Stock/application/Service:/Users/francois/Developpement/Projets/Stock/application/modules:/Users/francois/Developpement/Projets/Stock/application/modules/main:/Users/francois/Developpement/Projets/Stock/application/modules/stock:/Users/francois/Developpement/Projets/Stock/library:/Users/francois/Developpement/Projets/Stock/library/Projet:/Users/francois/Developpement/Projets/Stock/library:.:./library') in /Users/francois/Developpement/Projets/Stock/library/Zend.orig/Loader.php on line 146
[29-May-2012 20:50:15] PHP Fatal error:  Class 'Projet_Controller_Action_Ajax' not found in /Users/francois/Developpement/Projets/Stock/application/modules/stock/controllers/AxstockController.php on line 10
[29-May-2012 20:51:49] PHP Notice:  Undefined property: Application_Service_Item::$listerTousAction in /Users/francois/Developpement/Projets/Stock/library/Projet/Controller/Action/Ajax.php on line 18
[29-May-2012 20:53:41] PHP Fatal error:  Call to undefined method Application_Service_Item::listerTousAction() in /Users/francois/Developpement/Projets/Stock/library/Projet/Controller/Action/Ajax.php on line 18
[29-May-2012 20:54:20] PHP Warning:  include_once(Projet/Exception.php): failed to open stream: No such file or directory in /Users/francois/Developpement/Projets/Stock/library/Zend.orig/Loader.php on line 146
[29-May-2012 20:54:20] PHP Warning:  include_once(): Failed opening 'Projet/Exception.php' for inclusion (include_path='/Users/francois/Developpement/Projets/Stock/application:/Users/francois/Developpement/Projets/Stock/application/models:/Users/francois/Developpement/Projets/Stock/application/Service:/Users/francois/Developpement/Projets/Stock/application/modules:/Users/francois/Developpement/Projets/Stock/application/modules/main:/Users/francois/Developpement/Projets/Stock/application/modules/stock:/Users/francois/Developpement/Projets/Stock/library:/Users/francois/Developpement/Projets/Stock/library/Projet:/Users/francois/Developpement/Projets/Stock/library:.:./library') in /Users/francois/Developpement/Projets/Stock/library/Zend.orig/Loader.php on line 146
[29-May-2012 20:54:20] PHP Fatal error:  Class 'Projet_Exception' not found in /Users/francois/Developpement/Projets/Stock/library/Projet/Controller/Action/Ajax.php on line 21
[29-May-2012 20:58:54] PHP Fatal error:  Call to a member function json() on a non-object in /Users/francois/Developpement/Projets/Stock/application/modules/stock/views/scripts/axstock/global.phtml on line 2
[29-May-2012 21:20:57] PHP Notice:  Use of undefined constant CSS_INPUT_ERROR - assumed 'CSS_INPUT_ERROR' in /Users/francois/Developpement/Projets/Stock/library/Projet/Form/Decorator/ErreurPrimer.php on line 13
[29-May-2012 21:20:58] PHP Notice:  Use of undefined constant CSS_INPUT_ERROR - assumed 'CSS_INPUT_ERROR' in /Users/francois/Developpement/Projets/Stock/library/Projet/Form/Decorator/ErreurPrimer.php on line 13
[30-May-2012 21:26:23] PHP Warning:  include_once(Projet/Controller.php): failed to open stream: No such file or directory in /Users/francois/Developpement/Projets/Stock/library/Zend.orig/Loader.php on line 146
[30-May-2012 21:26:23] PHP Warning:  include_once(): Failed opening 'Projet/Controller.php' for inclusion (include_path='/Users/francois/Developpement/Projets/Stock/application:/Users/francois/Developpement/Projets/Stock/application/models:/Users/francois/Developpement/Projets/Stock/application/Service:/Users/francois/Developpement/Projets/Stock/application/modules:/Users/francois/Developpement/Projets/Stock/application/modules/main:/Users/francois/Developpement/Projets/Stock/application/modules/stock:/Users/francois/Developpement/Projets/Stock/library:/Users/francois/Developpement/Projets/Stock/library/Projet:/Users/francois/Developpement/Projets/Stock/library:.:./library') in /Users/francois/Developpement/Projets/Stock/library/Zend.orig/Loader.php on line 146
[30-May-2012 21:26:23] PHP Fatal error:  Class 'Projet_Controller' not found in /Users/francois/Developpement/Projets/Stock/application/modules/stock/controllers/AxstockController.php on line 10
[30-May-2012 21:36:52] PHP Parse error:  syntax error, unexpected T_STRING in /Users/francois/Developpement/Projets/Stock/application/modules/stock/views/scripts/axstock/global.phtml on line 3
[30-May-2012 21:46:22] PHP Parse error:  syntax error, unexpected T_VARIABLE in /Users/francois/Developpement/Projets/Stock/application/modules/stock/views/scripts/axstock/global.phtml on line 5
[30-May-2012 21:53:08] PHP Notice:  Undefined variable: reponse in /Users/francois/Developpement/Projets/Stock/library/Zend.orig/View/Helper/Json.php on line 78
[30-May-2012 21:53:09] PHP Fatal error:  Call to a member function sendHeaders() on a non-object in /Users/francois/Developpement/Projets/Stock/library/Zend.orig/View/Helper/Json.php on line 78
[30-May-2012 21:58:30] PHP Warning:  header() expects at least 1 parameter, 0 given in /Users/francois/Developpement/Projets/Stock/library/Zend.orig/Controller/Response/Abstract.php on line 364
[04-Jun-2012 11:11:15] PHP Notice:  Undefined variable: oCategoire in /Users/francois/Developpement/Projets/Stock/application/modules/stock/Form/AjoutLibelle.php on line 27
[04-Jun-2012 11:12:27] PHP Notice:  Undefined variable: oCategoire in /Users/francois/Developpement/Projets/Stock/application/modules/stock/Form/AjoutLibelle.php on line 27
[04-Jun-2012 11:13:49] PHP Catchable fatal error:  Argument 1 passed to Form_AjoutLibelle::__construct() must be an array, null given, called in /Users/francois/Developpement/Projets/Stock/application/modules/stock/controllers/AdministrationController.php on line 24 and defined in /Users/francois/Developpement/Projets/Stock/application/modules/stock/Form/AjoutLibelle.php on line 9
[04-Jun-2012 11:41:55] PHP Fatal error:  Call to undefined function var_expot() in /Users/francois/Developpement/Projets/Stock/library/Projet/Form/Decorator/Ajax.php on line 27
[04-Jun-2012 12:34:11] PHP Fatal error:  Call to undefined method Application_Model_Mapper_Libelles::getLibelleByIdCategorie() in /Users/francois/Developpement/Projets/Stock/application/modules/stock/controllers/AxstockController.php on line 20
[04-Jun-2012 12:43:01] PHP Catchable fatal error:  Argument 1 passed to Zend_Form_Element::setDecorators() must be an array, object given, called in /Users/francois/Developpement/Projets/Stock/application/modules/stock/controllers/AxstockController.php on line 23 and defined in /Users/francois/Developpement/Projets/Stock/library/Zend.orig/Form/Element.php on line 1934
[04-Jun-2012 12:43:27] PHP Fatal error:  Class 'Symbol_P' not found in /Users/francois/Developpement/Projets/Stock/library/Projet/Form/Decorator/SelectAndText.php on line 23
[04-Jun-2012 12:54:47] PHP Fatal error:  Class 'Symbol_Void' not found in /Users/francois/Developpement/Projets/Stock/library/Projet/Form/Decorator/Erreurs.php on line 22
[04-Jun-2012 13:00:20] PHP Fatal error:  Class 'Symbol_Void' not found in /Users/francois/Developpement/Projets/Stock/library/Projet/Form/Decorator/Erreurs.php on line 22
[04-Jun-2012 13:01:09] PHP Fatal error:  Class name must be a valid object or a string in /Users/francois/Developpement/Projets/Stock/library/Projet/Form.php on line 110
[04-Jun-2012 13:08:06] PHP Fatal error:  Class 'Application_Services_Item' not found in /Users/francois/Developpement/Projets/Stock/library/Projet/Form.php on line 110
[04-Jun-2012 13:09:09] PHP Fatal error:  Cannot redeclare Application_Model_Item::getLibelle() in /Users/francois/Developpement/Projets/Stock/application/models/Item.php on line 30
[04-Jun-2012 13:09:42] PHP Notice:  Undefined variable: aResult in /Users/francois/Developpement/Projets/Stock/application/services/Item.php on line 18
[04-Jun-2012 13:09:42] PHP Notice:  Undefined variable: aResult in /Users/francois/Developpement/Projets/Stock/application/services/Item.php on line 19
[04-Jun-2012 13:09:42] PHP Fatal error:  Call to undefined method Application_Service_Item::save() in /Users/francois/Developpement/Projets/Stock/application/services/Item.php on line 20
[04-Jun-2012 13:09:58] PHP Fatal error:  Call to undefined method Application_Service_Item::save() in /Users/francois/Developpement/Projets/Stock/application/services/Item.php on line 20
[04-Jun-2012 13:10:43] PHP Fatal error:  Call to undefined method Application_Model_Item::getDateAchat() in /Users/francois/Developpement/Projets/Stock/library/Projet/Mapper.php on line 95
[04-Jun-2012 19:52:13] PHP Fatal error:  Class 'Application_Model_Mapper_Categories' not found in /Users/francois/Developpement/Projets/Stock/application/modules/stock/controllers/ProduitsController.php on line 17
[04-Jun-2012 19:52:41] PHP Fatal error:  Call to undefined method Application_Model_Mapper_RefCategories::getLibellesReels() in /Users/francois/Developpement/Projets/Stock/application/modules/stock/controllers/ProduitsController.php on line 18
[04-Jun-2012 19:53:21] PHP Fatal error:  Call to undefined method Application_Model_Mapper_RefLibelles::getLibelleByIdCategorie() in /Users/francois/Developpement/Projets/Stock/application/modules/stock/controllers/AxstockController.php on line 21
[04-Jun-2012 19:53:53] PHP Warning:  Select query cannot join with another table in /Users/francois/Developpement/Projets/Stock/library/Zend.orig/Db/Select.php on line 1345
[04-Jun-2012 21:04:23] PHP Warning:  include_once(Form/AjoutItem.php): failed to open stream: No such file or directory in /Users/francois/Developpement/Projets/Stock/library/Zend.orig/Loader.php on line 146
[04-Jun-2012 21:04:23] PHP Warning:  include_once(): Failed opening 'Form/AjoutItem.php' for inclusion (include_path='/Users/francois/Developpement/Projets/Stock/application:/Users/francois/Developpement/Projets/Stock/application/models:/Users/francois/Developpement/Projets/Stock/application/Service:/Users/francois/Developpement/Projets/Stock/application/modules:/Users/francois/Developpement/Projets/Stock/application/modules/main:/Users/francois/Developpement/Projets/Stock/application/modules/stock:/Users/francois/Developpement/Projets/Stock/library:/Users/francois/Developpement/Projets/Stock/library/Projet:/Users/francois/Developpement/Projets/Stock/library:.:./library') in /Users/francois/Developpement/Projets/Stock/library/Zend.orig/Loader.php on line 146
[04-Jun-2012 21:04:23] PHP Fatal error:  Class 'Form_AjoutItem' not found in /Users/francois/Developpement/Projets/Stock/application/modules/stock/controllers/AdministrationController.php on line 24
[04-Jun-2012 21:06:47] PHP Warning:  include_once(Form/AjoutItem.php): failed to open stream: No such file or directory in /Users/francois/Developpement/Projets/Stock/library/Zend.orig/Loader.php on line 146
[04-Jun-2012 21:06:47] PHP Warning:  include_once(): Failed opening 'Form/AjoutItem.php' for inclusion (include_path='/Users/francois/Developpement/Projets/Stock/application:/Users/francois/Developpement/Projets/Stock/application/models:/Users/francois/Developpement/Projets/Stock/application/Service:/Users/francois/Developpement/Projets/Stock/application/modules:/Users/francois/Developpement/Projets/Stock/application/modules/main:/Users/francois/Developpement/Projets/Stock/application/modules/stock:/Users/francois/Developpement/Projets/Stock/library:/Users/francois/Developpement/Projets/Stock/library/Projet:/Users/francois/Developpement/Projets/Stock/library:.:./library') in /Users/francois/Developpement/Projets/Stock/library/Zend.orig/Loader.php on line 146
[04-Jun-2012 21:06:47] PHP Fatal error:  Class 'Form_AjoutItem' not found in /Users/francois/Developpement/Projets/Stock/application/modules/stock/controllers/AdministrationController.php on line 24
[04-Jun-2012 21:12:11] PHP Fatal error:  Class 'Application_Model_Mapper_Item' not found in /Users/francois/Developpement/Projets/Stock/application/services/Item.php on line 8
[04-Jun-2012 21:12:20] PHP Fatal error:  Class 'Application_Model_Mapper_Item' not found in /Users/francois/Developpement/Projets/Stock/application/services/Item.php on line 8
[04-Jun-2012 21:14:25] PHP Fatal error:  Class 'Application_Model_Mapper_Item' not found in /Users/francois/Developpement/Projets/Stock/application/services/Item.php on line 8
[04-Jun-2012 21:14:26] PHP Fatal error:  Class 'Application_Model_Mapper_Item' not found in /Users/francois/Developpement/Projets/Stock/application/services/Item.php on line 8
[04-Jun-2012 21:14:26] PHP Fatal error:  Class 'Application_Model_Mapper_Item' not found in /Users/francois/Developpement/Projets/Stock/application/services/Item.php on line 8
[04-Jun-2012 21:14:27] PHP Fatal error:  Class 'Application_Model_Mapper_Item' not found in /Users/francois/Developpement/Projets/Stock/application/services/Item.php on line 8
[04-Jun-2012 21:14:28] PHP Fatal error:  Class 'Application_Model_Mapper_Item' not found in /Users/francois/Developpement/Projets/Stock/application/services/Item.php on line 8
[04-Jun-2012 21:14:29] PHP Fatal error:  Class 'Application_Model_Mapper_Item' not found in /Users/francois/Developpement/Projets/Stock/application/services/Item.php on line 8
[04-Jun-2012 21:14:29] PHP Fatal error:  Class 'Application_Model_Mapper_Item' not found in /Users/francois/Developpement/Projets/Stock/application/services/Item.php on line 8
[04-Jun-2012 21:14:29] PHP Fatal error:  Class 'Application_Model_Mapper_Item' not found in /Users/francois/Developpement/Projets/Stock/application/services/Item.php on line 8
[04-Jun-2012 21:14:30] PHP Fatal error:  Class 'Application_Model_Mapper_Item' not found in /Users/francois/Developpement/Projets/Stock/application/services/Item.php on line 8
[04-Jun-2012 21:14:30] PHP Fatal error:  Class 'Application_Model_Mapper_Item' not found in /Users/francois/Developpement/Projets/Stock/application/services/Item.php on line 8
[04-Jun-2012 21:14:30] PHP Fatal error:  Class 'Application_Model_Mapper_Item' not found in /Users/francois/Developpement/Projets/Stock/application/services/Item.php on line 8
[04-Jun-2012 21:27:22] PHP Parse error:  syntax error, unexpected ')', expecting T_STRING or T_VARIABLE or '$' in /Users/francois/Developpement/Projets/Stock/application/modules/stock/Form/AjoutProduit.php on line 29
[04-Jun-2012 21:33:37] PHP Parse error:  syntax error, unexpected T_VARIABLE in /Users/francois/Developpement/Projets/Stock/application/modules/stock/Form/AjoutProduit.php on line 34
[04-Jun-2012 21:35:23] PHP Notice:  Undefined variable: oDatePeremptio in /Users/francois/Developpement/Projets/Stock/application/modules/stock/Form/AjoutProduit.php on line 30
[04-Jun-2012 21:35:23] PHP Fatal error:  Call to a member function setLabel() on a non-object in /Users/francois/Developpement/Projets/Stock/application/modules/stock/Form/AjoutProduit.php on line 30
[04-Jun-2012 21:35:34] PHP Warning:  Exception caught by form: Cannot resolve Zend Locale format by default, no application wide locale is set.
Stack Trace:
#0 /Users/francois/Developpement/Projets/Stock/library/ZendX/JQuery/View/Helper/DatePicker.php(59): ZendX_JQuery_View_Helper_DatePicker::resolveZendLocaleToDatePickerFormat()
#1 [internal function]: ZendX_JQuery_View_Helper_DatePicker->datePicker('Date_Per', NULL, Array, Array)
#2 /Users/francois/Developpement/Projets/Stock/library/Zend.orig/View/Abstract.php(350): call_user_func_array(Array, Array)
#3 /Users/francois/Developpement/Projets/Stock/library/ZendX/JQuery/Form/Decorator/UiWidgetElement.php(168): Zend_View_Abstract->__call('datePicker', Array)
#4 /Users/francois/Developpement/Projets/Stock/library/ZendX/JQuery/Form/Decorator/UiWidgetElement.php(168): Zend_View->datePicker('Date_Per', NULL, Array, Array)
#5 /Users/francois/Developpement/Projets/Stock/library/Zend.orig/Form/Element.php(2043): ZendX_JQuery_Form_Decorator_UiWidgetElement->render('')
#6 /Users/francois/Developpement/Pro in /Users/francois/Developpement/Projets/Stock/library/Zend.orig/Form.php on line 2925
[04-Jun-2012 21:35:37] PHP Warning:  Exception caught by form: Cannot resolve Zend Locale format by default, no application wide locale is set.
Stack Trace:
#0 /Users/francois/Developpement/Projets/Stock/library/ZendX/JQuery/View/Helper/DatePicker.php(59): ZendX_JQuery_View_Helper_DatePicker::resolveZendLocaleToDatePickerFormat()
#1 [internal function]: ZendX_JQuery_View_Helper_DatePicker->datePicker('Date_Per', NULL, Array, Array)
#2 /Users/francois/Developpement/Projets/Stock/library/Zend.orig/View/Abstract.php(350): call_user_func_array(Array, Array)
#3 /Users/francois/Developpement/Projets/Stock/library/ZendX/JQuery/Form/Decorator/UiWidgetElement.php(168): Zend_View_Abstract->__call('datePicker', Array)
#4 /Users/francois/Developpement/Projets/Stock/library/ZendX/JQuery/Form/Decorator/UiWidgetElement.php(168): Zend_View->datePicker('Date_Per', NULL, Array, Array)
#5 /Users/francois/Developpement/Projets/Stock/library/Zend.orig/Form/Element.php(2043): ZendX_JQuery_Form_Decorator_UiWidgetElement->render('')
#6 /Users/francois/Developpement/Pro in /Users/francois/Developpement/Projets/Stock/library/Zend.orig/Form.php on line 2925
[04-Jun-2012 21:35:37] PHP Warning:  Exception caught by form: Cannot resolve Zend Locale format by default, no application wide locale is set.
Stack Trace:
#0 /Users/francois/Developpement/Projets/Stock/library/ZendX/JQuery/View/Helper/DatePicker.php(59): ZendX_JQuery_View_Helper_DatePicker::resolveZendLocaleToDatePickerFormat()
#1 [internal function]: ZendX_JQuery_View_Helper_DatePicker->datePicker('Date_Per', NULL, Array, Array)
#2 /Users/francois/Developpement/Projets/Stock/library/Zend.orig/View/Abstract.php(350): call_user_func_array(Array, Array)
#3 /Users/francois/Developpement/Projets/Stock/library/ZendX/JQuery/Form/Decorator/UiWidgetElement.php(168): Zend_View_Abstract->__call('datePicker', Array)
#4 /Users/francois/Developpement/Projets/Stock/library/ZendX/JQuery/Form/Decorator/UiWidgetElement.php(168): Zend_View->datePicker('Date_Per', NULL, Array, Array)
#5 /Users/francois/Developpement/Projets/Stock/library/Zend.orig/Form/Element.php(2043): ZendX_JQuery_Form_Decorator_UiWidgetElement->render('')
#6 /Users/francois/Developpement/Pro in /Users/francois/Developpement/Projets/Stock/library/Zend.orig/Form.php on line 2925
[04-Jun-2012 21:39:40] PHP Warning:  Exception caught by form: Cannot resolve Zend Locale format by default, no application wide locale is set.
Stack Trace:
#0 /Users/francois/Developpement/Projets/Stock/library/ZendX/JQuery/View/Helper/DatePicker.php(59): ZendX_JQuery_View_Helper_DatePicker::resolveZendLocaleToDatePickerFormat()
#1 [internal function]: ZendX_JQuery_View_Helper_DatePicker->datePicker('Date_Per', NULL, Array, Array)
#2 /Users/francois/Developpement/Projets/Stock/library/Zend.orig/View/Abstract.php(350): call_user_func_array(Array, Array)
#3 /Users/francois/Developpement/Projets/Stock/library/ZendX/JQuery/Form/Decorator/UiWidgetElement.php(168): Zend_View_Abstract->__call('datePicker', Array)
#4 /Users/francois/Developpement/Projets/Stock/library/ZendX/JQuery/Form/Decorator/UiWidgetElement.php(168): Zend_View->datePicker('Date_Per', NULL, Array, Array)
#5 /Users/francois/Developpement/Projets/Stock/library/Zend.orig/Form/Element.php(2043): ZendX_JQuery_Form_Decorator_UiWidgetElement->render('')
#6 /Users/francois/Developpement/Pro in /Users/francois/Developpement/Projets/Stock/library/Zend.orig/Form.php on line 2925
[04-Jun-2012 21:39:41] PHP Warning:  Exception caught by form: Cannot resolve Zend Locale format by default, no application wide locale is set.
Stack Trace:
#0 /Users/francois/Developpement/Projets/Stock/library/ZendX/JQuery/View/Helper/DatePicker.php(59): ZendX_JQuery_View_Helper_DatePicker::resolveZendLocaleToDatePickerFormat()
#1 [internal function]: ZendX_JQuery_View_Helper_DatePicker->datePicker('Date_Per', NULL, Array, Array)
#2 /Users/francois/Developpement/Projets/Stock/library/Zend.orig/View/Abstract.php(350): call_user_func_array(Array, Array)
#3 /Users/francois/Developpement/Projets/Stock/library/ZendX/JQuery/Form/Decorator/UiWidgetElement.php(168): Zend_View_Abstract->__call('datePicker', Array)
#4 /Users/francois/Developpement/Projets/Stock/library/ZendX/JQuery/Form/Decorator/UiWidgetElement.php(168): Zend_View->datePicker('Date_Per', NULL, Array, Array)
#5 /Users/francois/Developpement/Projets/Stock/library/Zend.orig/Form/Element.php(2043): ZendX_JQuery_Form_Decorator_UiWidgetElement->render('')
#6 /Users/francois/Developpement/Pro in /Users/francois/Developpement/Projets/Stock/library/Zend.orig/Form.php on line 2925
[04-Jun-2012 21:41:17] PHP Warning:  Exception caught by form: Cannot resolve Zend Locale format by default, no application wide locale is set.
Stack Trace:
#0 /Users/francois/Developpement/Projets/Stock/library/ZendX/JQuery/View/Helper/DatePicker.php(59): ZendX_JQuery_View_Helper_DatePicker::resolveZendLocaleToDatePickerFormat()
#1 [internal function]: ZendX_JQuery_View_Helper_DatePicker->datePicker('Date_Per', NULL, Array, Array)
#2 /Users/francois/Developpement/Projets/Stock/library/Zend.orig/View/Abstract.php(350): call_user_func_array(Array, Array)
#3 /Users/francois/Developpement/Projets/Stock/library/ZendX/JQuery/Form/Decorator/UiWidgetElement.php(168): Zend_View_Abstract->__call('datePicker', Array)
#4 /Users/francois/Developpement/Projets/Stock/library/ZendX/JQuery/Form/Decorator/UiWidgetElement.php(168): Zend_View->datePicker('Date_Per', NULL, Array, Array)
#5 /Users/francois/Developpement/Projets/Stock/library/Zend.orig/Form/Element.php(2043): ZendX_JQuery_Form_Decorator_UiWidgetElement->render('')
#6 /Users/francois/Developpement/Pro in /Users/francois/Developpement/Projets/Stock/library/Zend.orig/Form.php on line 2925
[04-Jun-2012 21:41:18] PHP Warning:  Exception caught by form: Cannot resolve Zend Locale format by default, no application wide locale is set.
Stack Trace:
#0 /Users/francois/Developpement/Projets/Stock/library/ZendX/JQuery/View/Helper/DatePicker.php(59): ZendX_JQuery_View_Helper_DatePicker::resolveZendLocaleToDatePickerFormat()
#1 [internal function]: ZendX_JQuery_View_Helper_DatePicker->datePicker('Date_Per', NULL, Array, Array)
#2 /Users/francois/Developpement/Projets/Stock/library/Zend.orig/View/Abstract.php(350): call_user_func_array(Array, Array)
#3 /Users/francois/Developpement/Projets/Stock/library/ZendX/JQuery/Form/Decorator/UiWidgetElement.php(168): Zend_View_Abstract->__call('datePicker', Array)
#4 /Users/francois/Developpement/Projets/Stock/library/ZendX/JQuery/Form/Decorator/UiWidgetElement.php(168): Zend_View->datePicker('Date_Per', NULL, Array, Array)
#5 /Users/francois/Developpement/Projets/Stock/library/Zend.orig/Form/Element.php(2043): ZendX_JQuery_Form_Decorator_UiWidgetElement->render('')
#6 /Users/francois/Developpement/Pro in /Users/francois/Developpement/Projets/Stock/library/Zend.orig/Form.php on line 2925
[04-Jun-2012 21:41:18] PHP Warning:  Exception caught by form: Cannot resolve Zend Locale format by default, no application wide locale is set.
Stack Trace:
#0 /Users/francois/Developpement/Projets/Stock/library/ZendX/JQuery/View/Helper/DatePicker.php(59): ZendX_JQuery_View_Helper_DatePicker::resolveZendLocaleToDatePickerFormat()
#1 [internal function]: ZendX_JQuery_View_Helper_DatePicker->datePicker('Date_Per', NULL, Array, Array)
#2 /Users/francois/Developpement/Projets/Stock/library/Zend.orig/View/Abstract.php(350): call_user_func_array(Array, Array)
#3 /Users/francois/Developpement/Projets/Stock/library/ZendX/JQuery/Form/Decorator/UiWidgetElement.php(168): Zend_View_Abstract->__call('datePicker', Array)
#4 /Users/francois/Developpement/Projets/Stock/library/ZendX/JQuery/Form/Decorator/UiWidgetElement.php(168): Zend_View->datePicker('Date_Per', NULL, Array, Array)
#5 /Users/francois/Developpement/Projets/Stock/library/Zend.orig/Form/Element.php(2043): ZendX_JQuery_Form_Decorator_UiWidgetElement->render('')
#6 /Users/francois/Developpement/Pro in /Users/francois/Developpement/Projets/Stock/library/Zend.orig/Form.php on line 2925
[04-Jun-2012 21:41:18] PHP Warning:  Exception caught by form: Cannot resolve Zend Locale format by default, no application wide locale is set.
Stack Trace:
#0 /Users/francois/Developpement/Projets/Stock/library/ZendX/JQuery/View/Helper/DatePicker.php(59): ZendX_JQuery_View_Helper_DatePicker::resolveZendLocaleToDatePickerFormat()
#1 [internal function]: ZendX_JQuery_View_Helper_DatePicker->datePicker('Date_Per', NULL, Array, Array)
#2 /Users/francois/Developpement/Projets/Stock/library/Zend.orig/View/Abstract.php(350): call_user_func_array(Array, Array)
#3 /Users/francois/Developpement/Projets/Stock/library/ZendX/JQuery/Form/Decorator/UiWidgetElement.php(168): Zend_View_Abstract->__call('datePicker', Array)
#4 /Users/francois/Developpement/Projets/Stock/library/ZendX/JQuery/Form/Decorator/UiWidgetElement.php(168): Zend_View->datePicker('Date_Per', NULL, Array, Array)
#5 /Users/francois/Developpement/Projets/Stock/library/Zend.orig/Form/Element.php(2043): ZendX_JQuery_Form_Decorator_UiWidgetElement->render('')
#6 /Users/francois/Developpement/Pro in /Users/francois/Developpement/Projets/Stock/library/Zend.orig/Form.php on line 2925
[04-Jun-2012 21:41:19] PHP Warning:  Exception caught by form: Cannot resolve Zend Locale format by default, no application wide locale is set.
Stack Trace:
#0 /Users/francois/Developpement/Projets/Stock/library/ZendX/JQuery/View/Helper/DatePicker.php(59): ZendX_JQuery_View_Helper_DatePicker::resolveZendLocaleToDatePickerFormat()
#1 [internal function]: ZendX_JQuery_View_Helper_DatePicker->datePicker('Date_Per', NULL, Array, Array)
#2 /Users/francois/Developpement/Projets/Stock/library/Zend.orig/View/Abstract.php(350): call_user_func_array(Array, Array)
#3 /Users/francois/Developpement/Projets/Stock/library/ZendX/JQuery/Form/Decorator/UiWidgetElement.php(168): Zend_View_Abstract->__call('datePicker', Array)
#4 /Users/francois/Developpement/Projets/Stock/library/ZendX/JQuery/Form/Decorator/UiWidgetElement.php(168): Zend_View->datePicker('Date_Per', NULL, Array, Array)
#5 /Users/francois/Developpement/Projets/Stock/library/Zend.orig/Form/Element.php(2043): ZendX_JQuery_Form_Decorator_UiWidgetElement->render('')
#6 /Users/francois/Developpement/Pro in /Users/francois/Developpement/Projets/Stock/library/Zend.orig/Form.php on line 2925
[04-Jun-2012 21:49:29] PHP Notice:  Use of undefined constant CSS_INPUT_ERROR - assumed 'CSS_INPUT_ERROR' in /Users/francois/Developpement/Projets/Stock/library/Projet/Form/Decorator/ErreurPrimer.php on line 13
[04-Jun-2012 21:49:29] PHP Notice:  Use of undefined constant CSS_INPUT_ERROR - assumed 'CSS_INPUT_ERROR' in /Users/francois/Developpement/Projets/Stock/library/Projet/Form/Decorator/ErreurPrimer.php on line 13
[04-Jun-2012 21:58:31] PHP Notice:  Use of undefined constant CSS_INPUT_ERROR - assumed 'CSS_INPUT_ERROR' in /Users/francois/Developpement/Projets/Stock/library/Projet/Form/Decorator/ErreurPrimer.php on line 13
[04-Jun-2012 21:58:31] PHP Notice:  Use of undefined constant CSS_INPUT_ERROR - assumed 'CSS_INPUT_ERROR' in /Users/francois/Developpement/Projets/Stock/library/Projet/Form/Decorator/ErreurPrimer.php on line 13
[04-Jun-2012 21:58:35] PHP Fatal error:  Class 'Application_Service_Item' not found in /Users/francois/Developpement/Projets/Stock/application/modules/stock/controllers/StockController.php on line 17
[04-Jun-2012 21:59:16] PHP Fatal error:  Call to undefined method Application_Service_Items::listerCols() in /Users/francois/Developpement/Projets/Stock/application/modules/stock/controllers/StockController.php on line 18
[04-Jun-2012 21:59:34] PHP Fatal error:  Class 'Application_Service_Produits' not found in /Users/francois/Developpement/Projets/Stock/application/modules/stock/controllers/StockController.php on line 17
[04-Jun-2012 21:59:53] PHP Fatal error:  Can't use function return value in write context in /Users/francois/Developpement/Projets/Stock/application/services/Produit.php on line 19
[04-Jun-2012 22:00:47] PHP Fatal error:  Can't use function return value in write context in /Users/francois/Developpement/Projets/Stock/application/services/Produit.php on line 19
[04-Jun-2012 22:00:47] PHP Fatal error:  Can't use function return value in write context in /Users/francois/Developpement/Projets/Stock/application/services/Produit.php on line 19
[04-Jun-2012 22:00:48] PHP Fatal error:  Can't use function return value in write context in /Users/francois/Developpement/Projets/Stock/application/services/Produit.php on line 19
[04-Jun-2012 22:00:48] PHP Fatal error:  Can't use function return value in write context in /Users/francois/Developpement/Projets/Stock/application/services/Produit.php on line 19
[04-Jun-2012 22:00:48] PHP Fatal error:  Can't use function return value in write context in /Users/francois/Developpement/Projets/Stock/application/services/Produit.php on line 19
[04-Jun-2012 22:00:48] PHP Fatal error:  Can't use function return value in write context in /Users/francois/Developpement/Projets/Stock/application/services/Produit.php on line 19
[04-Jun-2012 22:00:50] PHP Fatal error:  Can't use function return value in write context in /Users/francois/Developpement/Projets/Stock/application/services/Produit.php on line 19
[04-Jun-2012 22:01:39] PHP Fatal error:  Can't use function return value in write context in /Users/francois/Developpement/Projets/Stock/application/services/Produit.php on line 19
[04-Jun-2012 22:01:39] PHP Fatal error:  Can't use function return value in write context in /Users/francois/Developpement/Projets/Stock/application/services/Produit.php on line 19
[04-Jun-2012 22:03:10] PHP Fatal error:  Class 'Application_Service_Item' not found in /Users/francois/Developpement/Projets/Stock/application/modules/stock/controllers/AxstockController.php on line 13
[04-Jun-2012 22:03:21] PHP Fatal error:  Call to undefined method Application_Model_Produit::setIdLibelle() in /Users/francois/Developpement/Projets/Stock/application/services/Produit.php on line 17
[04-Jun-2012 22:03:40] PHP Fatal error:  Function name must be a string in /Users/francois/Developpement/Projets/Stock/application/services/Produit.php on line 19
[04-Jun-2012 22:04:50] PHP Fatal error:  Function name must be a string in /Users/francois/Developpement/Projets/Stock/application/services/Produit.php on line 19
[04-Jun-2012 22:05:36] PHP Fatal error:  Function name must be a string in /Users/francois/Developpement/Projets/Stock/application/services/Produit.php on line 19
[04-Jun-2012 22:06:14] PHP Fatal error:  Class 'Application_Model_Mapper_Item' not found in /Users/francois/Developpement/Projets/Stock/application/services/Produit.php on line 25
[04-Jun-2012 22:06:31] PHP Catchable fatal error:  Argument 1 passed to Application_Model_Mapper_Produits::getDataArray() must be an instance of Application_Model_Item, instance of Application_Model_Produit given, called in /Users/francois/Developpement/Projets/Stock/library/Projet/Mapper.php on line 132 and defined in /Users/francois/Developpement/Projets/Stock/application/models/mappers/Produits.php on line 24
[04-Jun-2012 22:06:55] PHP Fatal error:  Call to undefined method Application_Model_Produit::getIdRefLibelle() in /Users/francois/Developpement/Projets/Stock/application/models/mappers/Produits.php on line 25
[04-Jun-2012 22:07:03] PHP Warning:  include_once(Projet/Exception.php): failed to open stream: No such file or directory in /Users/francois/Developpement/Projets/Stock/library/Zend.orig/Loader.php on line 146
[04-Jun-2012 22:07:03] PHP Warning:  include_once(): Failed opening 'Projet/Exception.php' for inclusion (include_path='/Users/francois/Developpement/Projets/Stock/application:/Users/francois/Developpement/Projets/Stock/application/models:/Users/francois/Developpement/Projets/Stock/application/Service:/Users/francois/Developpement/Projets/Stock/application/modules:/Users/francois/Developpement/Projets/Stock/application/modules/main:/Users/francois/Developpement/Projets/Stock/application/modules/stock:/Users/francois/Developpement/Projets/Stock/library:/Users/francois/Developpement/Projets/Stock/library/Projet:/Users/francois/Developpement/Projets/Stock/library:.:./library') in /Users/francois/Developpement/Projets/Stock/library/Zend.orig/Loader.php on line 146
[04-Jun-2012 22:07:03] PHP Fatal error:  Class 'Projet_Exception' not found in /Users/francois/Developpement/Projets/Stock/library/Projet/Controller/Action.php on line 218
[04-Jun-2012 22:13:30] PHP Fatal error:  Class 'Application_Model_DbTable_RefProduits' not found in /Users/francois/Developpement/Projets/Stock/library/Projet/Mapper.php on line 17
[04-Jun-2012 22:20:47] PHP Fatal error:  Class 'Application_Service_Item' not found in /Users/francois/Developpement/Projets/Stock/application/modules/stock/controllers/AxstockController.php on line 13
[04-Jun-2012 22:22:20] PHP Fatal error:  Class 'Application_Service_Item' not found in /Users/francois/Developpement/Projets/Stock/application/modules/stock/controllers/AxstockController.php on line 13
[04-Jun-2012 22:22:39] PHP Fatal error:  Class 'Application_Service_Item' not found in /Users/francois/Developpement/Projets/Stock/application/modules/stock/controllers/AxstockController.php on line 13
[05-Jun-2012 09:39:57] PHP Parse error:  syntax error, unexpected T_PROTECTED in /Users/francois/Developpement/Projets/Stock/application/Bootstrap.php on line 30
[05-Jun-2012 09:40:10] PHP Notice:  Undefined index: HTTP_HOST in /Users/francois/Developpement/Projets/Stock/application/Bootstrap.php on line 23
[05-Jun-2012 09:40:10] PHP Warning:  Cannot modify header information - headers already sent by (output started at /Users/francois/Developpement/Projets/Stock/application/Bootstrap.php:23) in /Users/francois/Developpement/Projets/Stock/application/Bootstrap.php on line 24
[05-Jun-2012 09:51:33] PHP Notice:  Use of undefined constant CSS_INPUT_ERROR - assumed 'CSS_INPUT_ERROR' in /Users/francois/Developpement/Projets/Stock/library/Projet/Form/Decorator/ErreurPrimer.php on line 13
[05-Jun-2012 09:51:33] PHP Notice:  Use of undefined constant CSS_INPUT_ERROR - assumed 'CSS_INPUT_ERROR' in /Users/francois/Developpement/Projets/Stock/library/Projet/Form/Decorator/ErreurPrimer.php on line 13
[05-Jun-2012 09:54:17] PHP Notice:  Use of undefined constant S_DATE - assumed 'S_DATE' in /Users/francois/Developpement/Projets/Stock/application/modules/stock/Form/AjoutProduit.php on line 38
[05-Jun-2012 09:54:17] PHP Notice:  Use of undefined constant S_DUREE - assumed 'S_DUREE' in /Users/francois/Developpement/Projets/Stock/application/modules/stock/Form/AjoutProduit.php on line 39
[05-Jun-2012 09:54:49] PHP Notice:  Use of undefined constant CSS_LABEL - assumed 'CSS_LABEL' in /Users/francois/Developpement/Projets/Stock/library/Projet/Form/Element/Radio.php on line 37
[05-Jun-2012 09:54:49] PHP Fatal error:  Class 'Symbol_List' not found in /Users/francois/Developpement/Projets/Stock/library/Projet/Form/Decorator/Radio.php on line 18
[05-Jun-2012 09:57:57] PHP Notice:  Use of undefined constant CSS_LABEL - assumed 'CSS_LABEL' in /Users/francois/Developpement/Projets/Stock/library/Projet/Form/Element/Radio.php on line 29
[05-Jun-2012 10:00:19] PHP Warning:  Exception caught by form: Plugin by name 'Input' was not found in the registry; used paths:
Projet_Form_Decorator_: Projet/Form/Decorator/
Zend_Form_Decorator_: Zend/Form/Decorator/
Stack Trace:
#0 /Users/francois/Developpement/Projets/Stock/library/Zend.orig/Form/Element.php(1828): Zend_Loader_PluginLoader->load('Input')
#1 /Users/francois/Developpement/Projets/Stock/library/Zend.orig/Form/Element.php(2208): Zend_Form_Element->_getDecorator('Input', NULL)
#2 /Users/francois/Developpement/Projets/Stock/library/Zend.orig/Form/Element.php(1981): Zend_Form_Element->_loadDecorator(Array, 'Input')
#3 /Users/francois/Developpement/Projets/Stock/library/Zend.orig/Form/Element.php(2041): Zend_Form_Element->getDecorators()
#4 /Users/francois/Developpement/Projets/Stock/library/Zend.orig/Form/Decorator/FormElements.php(111): Zend_Form_Element->render()
#5 /Users/francois/Developpement/Projets/Stock/library/Zend.orig/Form.php(2904): Zend_Form_Decorator_FormElements->render('')
#6 /Users/francois/Developpement/Projets/St in /Users/francois/Developpement/Projets/Stock/library/Zend.orig/Form.php on line 2925
[05-Jun-2012 10:14:26] PHP Notice:  Use of undefined constant CSS_INPUT_ERROR - assumed 'CSS_INPUT_ERROR' in /Users/francois/Developpement/Projets/Stock/library/Projet/Form/Decorator/ErreurPrimer.php on line 13
[05-Jun-2012 10:14:26] PHP Notice:  Use of undefined constant CSS_INPUT_ERROR - assumed 'CSS_INPUT_ERROR' in /Users/francois/Developpement/Projets/Stock/library/Projet/Form/Decorator/ErreurPrimer.php on line 13
[05-Jun-2012 17:41:55] PHP Fatal error:  Class 'Symbol_Void' not found in /Users/francois/Developpement/Projets/Stock/library/Projet/Form/Decorator/Erreurs.php on line 22
[05-Jun-2012 17:44:08] PHP Fatal error:  Class 'Symbol_Void' not found in /Users/francois/Developpement/Projets/Stock/library/Projet/Form/Decorator/Erreurs.php on line 22
[05-Jun-2012 18:33:47] PHP Fatal error:  Cannot redeclare Application_Model_Mapper_Produits::listerFraisToutUtilisateurs() in /Users/francois/Developpement/Projets/Stock/application/models/mappers/Produits.php on line 27
[05-Jun-2012 18:33:52] PHP Fatal error:  Cannot redeclare Application_Model_Mapper_Produits::listerFraisToutUtilisateurs() in /Users/francois/Developpement/Projets/Stock/application/models/mappers/Produits.php on line 27
[05-Jun-2012 18:33:57] PHP Fatal error:  Cannot redeclare Application_Model_Mapper_Produits::listerFraisToutUtilisateurs() in /Users/francois/Developpement/Projets/Stock/application/models/mappers/Produits.php on line 27
[05-Jun-2012 18:34:02] PHP Fatal error:  Cannot redeclare Application_Model_Mapper_Produits::listerFraisToutUtilisateurs() in /Users/francois/Developpement/Projets/Stock/application/models/mappers/Produits.php on line 27
[05-Jun-2012 18:34:12] PHP Fatal error:  Cannot redeclare Application_Model_Mapper_Produits::listerFraisToutUtilisateurs() in /Users/francois/Developpement/Projets/Stock/application/models/mappers/Produits.php on line 27
[05-Jun-2012 18:38:16] PHP Fatal error:  Zend_Controller_Router_Exception: Route stock-autres is not defined in /Users/francois/Developpement/Projets/Stock/library/Zend.orig/View/Helper/Navigation/HelperAbstract.php on line 522
[07-Jun-2012 17:03:33] PHP Fatal error:  Class 'Application_Model_Mapper_RefConservation' not found in /Users/francois/Developpement/Projets/Stock/application/modules/stock/controllers/AdministrationController.php on line 24
[07-Jun-2012 17:06:29] PHP Fatal error:  Class 'Symbol_TableRow' not found in /Users/francois/Developpement/Projets/Stock/library/Projet/Form/Decorator/MultiCheckBox.php on line 48
[07-Jun-2012 17:14:04] PHP Fatal error:  Class 'Symbol_Label' not found in /Users/francois/Developpement/Projets/Stock/library/Projet/Form/Decorator/MultiCheckBox.php on line 64
[07-Jun-2012 17:15:45] PHP Notice:  Use of undefined constant CSS_LABEL_INLINE - assumed 'CSS_LABEL_INLINE' in /Users/francois/Developpement/Projets/Stock/library/Projet/Form/Decorator/MultiCheckBox.php on line 65
[07-Jun-2012 17:15:45] PHP Notice:  Use of undefined constant CSS_LABEL_INLINE - assumed 'CSS_LABEL_INLINE' in /Users/francois/Developpement/Projets/Stock/library/Projet/Form/Decorator/MultiCheckBox.php on line 65
[07-Jun-2012 17:16:52] PHP Notice:  Use of undefined constant CSS_LABEL_INLINE - assumed 'CSS_LABEL_INLINE' in /Users/francois/Developpement/Projets/Stock/library/Projet/Form/Decorator/MultiCheckBox.php on line 65
[07-Jun-2012 17:16:52] PHP Notice:  Use of undefined constant CSS_LABEL_INLINE - assumed 'CSS_LABEL_INLINE' in /Users/francois/Developpement/Projets/Stock/library/Projet/Form/Decorator/MultiCheckBox.php on line 65
[07-Jun-2012 17:16:55] PHP Notice:  Use of undefined constant CSS_LABEL_INLINE - assumed 'CSS_LABEL_INLINE' in /Users/francois/Developpement/Projets/Stock/library/Projet/Form/Decorator/MultiCheckBox.php on line 65
[07-Jun-2012 17:16:55] PHP Notice:  Use of undefined constant CSS_LABEL_INLINE - assumed 'CSS_LABEL_INLINE' in /Users/francois/Developpement/Projets/Stock/library/Projet/Form/Decorator/MultiCheckBox.php on line 65
[07-Jun-2012 17:20:31] PHP Fatal error:  Class 'Application_Model_DbTable_RefConservations' not found in /Users/francois/Developpement/Projets/Stock/library/Projet/Mapper.php on line 17
[07-Jun-2012 17:50:39] PHP Notice:  Use of undefined constant CSS_INPUT_ERROR - assumed 'CSS_INPUT_ERROR' in /Users/francois/Developpement/Projets/Stock/library/Projet/Form/Decorator/ErreurPrimer.php on line 13
[07-Jun-2012 17:54:02] PHP Parse error:  syntax error, unexpected T_ECHO, expecting ',' or ';' in /Users/francois/Developpement/Projets/Stock/application/modules/stock/views/scripts/axproduits/getunitebyiditem.phtml on line 3
[07-Jun-2012 18:00:10] PHP Fatal error:  Class 'Application_Model_Mapper_Libelles' not found in /Users/francois/Developpement/Projets/Stock/application/services/Items.php on line 5
[07-Jun-2012 18:01:30] PHP Fatal error:  Call to undefined method Application_Model_Item::getIdMesure() in /Users/francois/Developpement/Projets/Stock/library/Projet/Mapper.php on line 95
[07-Jun-2012 18:02:51] PHP Fatal error:  Call to undefined method Application_Model_Item::getIdMesure() in /Users/francois/Developpement/Projets/Stock/library/Projet/Mapper.php on line 95
[07-Jun-2012 18:07:36] PHP Notice:  Undefined variable: aUnites in /Users/francois/Developpement/Projets/Stock/application/modules/stock/Form/AjoutItem.php on line 13
[07-Jun-2012 18:07:36] PHP Catchable fatal error:  Argument 3 passed to Form_AjoutItem::createForm() must be an array, null given, called in /Users/francois/Developpement/Projets/Stock/application/modules/stock/Form/AjoutItem.php on line 13 and defined in /Users/francois/Developpement/Projets/Stock/application/modules/stock/Form/AjoutItem.php on line 17
[07-Jun-2012 18:07:49] PHP Notice:  Undefined variable: aUnites in /Users/francois/Developpement/Projets/Stock/application/modules/stock/Form/AjoutItem.php on line 13
[07-Jun-2012 18:07:49] PHP Catchable fatal error:  Argument 3 passed to Form_AjoutItem::createForm() must be an array, null given, called in /Users/francois/Developpement/Projets/Stock/application/modules/stock/Form/AjoutItem.php on line 13 and defined in /Users/francois/Developpement/Projets/Stock/application/modules/stock/Form/AjoutItem.php on line 17
[07-Jun-2012 18:50:50] PHP Parse error:  syntax error, unexpected T_DOUBLE_ARROW in /Users/francois/Developpement/Projets/Stock/application/modules/stock/Form/AjoutProduit.php on line 42
[07-Jun-2012 18:51:29] PHP Parse error:  syntax error, unexpected T_DOUBLE_ARROW in /Users/francois/Developpement/Projets/Stock/application/modules/stock/Form/AjoutProduit.php on line 42
[11-Jun-2012 11:01:42] PHP Catchable fatal error:  Object of class stdClass could not be converted to string in /Users/francois/Developpement/Projets/Stock/library/Zend.orig/Db/Statement/Pdo.php on line 228
[11-Jun-2012 11:02:27] PHP Notice:  Undefined offset: 0 in /Users/francois/Developpement/Projets/Stock/application/models/mappers/RefLogins.php on line 15
[11-Jun-2012 11:03:12] PHP Notice:  Array to string conversion in /Users/francois/Developpement/Projets/Stock/library/Zend.orig/Db/Statement/Pdo.php on line 228
[11-Jun-2012 11:10:26] PHP Fatal error:  Cannot use object of type stdClass as array in /Users/francois/Developpement/Projets/Stock/application/modules/main/controllers/IndexController.php on line 18
[11-Jun-2012 11:27:45] PHP Notice:  Object of class stdClass could not be converted to int in /Users/francois/Developpement/Projets/Stock/application/modules/main/controllers/AuthController.php on line 58
[11-Jun-2012 11:29:18] PHP Notice:  Object of class stdClass could not be converted to int in /Users/francois/Developpement/Projets/Stock/application/modules/main/controllers/AuthController.php on line 58
[11-Jun-2012 11:29:18] PHP Fatal error:  Call to undefined method Application_Model_Mapper_RefLogins::getLastLoginDate() in /Users/francois/Developpement/Projets/Stock/application/modules/main/controllers/IndexController.php on line 18
[11-Jun-2012 11:32:07] PHP Notice:  Object of class stdClass could not be converted to int in /Users/francois/Developpement/Projets/Stock/application/modules/main/controllers/AuthController.php on line 58
[11-Jun-2012 11:35:32] PHP Notice:  Object of class stdClass could not be converted to int in /Users/francois/Developpement/Projets/Stock/application/modules/main/controllers/AuthController.php on line 58
[11-Jun-2012 11:37:27] PHP Notice:  Object of class stdClass could not be converted to int in /Users/francois/Developpement/Projets/Stock/application/modules/main/controllers/AuthController.php on line 58
[11-Jun-2012 11:37:58] PHP Notice:  Object of class stdClass could not be converted to int in /Users/francois/Developpement/Projets/Stock/application/modules/main/controllers/AuthController.php on line 58
[11-Jun-2012 11:38:15] PHP Notice:  Object of class stdClass could not be converted to int in /Users/francois/Developpement/Projets/Stock/application/modules/main/controllers/AuthController.php on line 58
[11-Jun-2012 11:46:25] PHP Catchable fatal error:  Argument 1 passed to Zend_Db_Table_Abstract::update() must be an array, string given, called in /Users/francois/Developpement/Projets/Stock/application/models/mappers/Users.php on line 11 and defined in /Users/francois/Developpement/Projets/Stock/library/Zend.orig/Db/Table/Abstract.php on line 1129
